{"/home/alexcoach/projects/photolocations/enzymeSetup.js": {"path":"/home/alexcoach/projects/photolocations/enzymeSetup.js","statementMap":{"0":{"start":{"line":1,"column":15},"end":{"line":1,"column":32}},"1":{"start":{"line":2,"column":22},"end":{"line":2,"column":56}},"2":{"start":{"line":5,"column":0},"end":{"line":5,"column":51}}},"fnMap":{},"branchMap":{},"s":{"0":7,"1":7,"2":7},"f":{},"b":{},"_coverageSchema":"332fd63041d2c1bcb487cc26dd0d5f7d97098a6c","hash":"e621907f61bda86d3ac9bdd3e04021372953d9a0"}
,"/home/alexcoach/projects/photolocations/app/routes.js": {"path":"/home/alexcoach/projects/photolocations/app/routes.js","statementMap":{},"fnMap":{},"branchMap":{},"s":{},"f":{},"b":{},"_coverageSchema":"332fd63041d2c1bcb487cc26dd0d5f7d97098a6c","hash":"57cc2eabba9631d9a3662cafb533788f353190bf"}
,"/home/alexcoach/projects/photolocations/app/core/actions/Geolocation.js": {"path":"/home/alexcoach/projects/photolocations/app/core/actions/Geolocation.js","statementMap":{"0":{"start":{"line":2,"column":40},"end":{"line":2,"column":66}},"1":{"start":{"line":3,"column":48},"end":{"line":3,"column":82}},"2":{"start":{"line":4,"column":46},"end":{"line":4,"column":78}},"3":{"start":{"line":6,"column":27},"end":{"line":8,"column":2}},"4":{"start":{"line":6,"column":34},"end":{"line":8,"column":1}}},"fnMap":{"0":{"name":"(anonymous_0)","decl":{"start":{"line":6,"column":27},"end":{"line":6,"column":28}},"loc":{"start":{"line":6,"column":34},"end":{"line":8,"column":1}},"line":6}},"branchMap":{},"s":{"0":1,"1":1,"2":1,"3":1,"4":0},"f":{"0":0},"b":{},"_coverageSchema":"332fd63041d2c1bcb487cc26dd0d5f7d97098a6c","hash":"0c86dab22f6ddaab62bf025d8e29e0c32024108e"}
,"/home/alexcoach/projects/photolocations/app/core/actions/Modals.js": {"path":"/home/alexcoach/projects/photolocations/app/core/actions/Modals.js","statementMap":{"0":{"start":{"line":2,"column":32},"end":{"line":2,"column":50}},"1":{"start":{"line":3,"column":36},"end":{"line":3,"column":58}},"2":{"start":{"line":7,"column":25},"end":{"line":10,"column":2}},"3":{"start":{"line":7,"column":51},"end":{"line":10,"column":1}},"4":{"start":{"line":12,"column":26},"end":{"line":14,"column":2}},"5":{"start":{"line":12,"column":33},"end":{"line":14,"column":1}}},"fnMap":{"0":{"name":"(anonymous_0)","decl":{"start":{"line":7,"column":25},"end":{"line":7,"column":26}},"loc":{"start":{"line":7,"column":51},"end":{"line":10,"column":1}},"line":7},"1":{"name":"(anonymous_1)","decl":{"start":{"line":12,"column":26},"end":{"line":12,"column":27}},"loc":{"start":{"line":12,"column":33},"end":{"line":14,"column":1}},"line":12}},"branchMap":{},"s":{"0":3,"1":3,"2":3,"3":0,"4":3,"5":0},"f":{"0":0,"1":0},"b":{},"_coverageSchema":"332fd63041d2c1bcb487cc26dd0d5f7d97098a6c","hash":"8aecc2e5d0915dbb6dc90218bd78532b14579dca"}
,"/home/alexcoach/projects/photolocations/app/core/components/EditableText.js": {"path":"/home/alexcoach/projects/photolocations/app/core/components/EditableText.js","statementMap":{"0":{"start":{"line":31,"column":8},"end":{"line":31,"column":21}},"1":{"start":{"line":32,"column":8},"end":{"line":32,"column":39}},"2":{"start":{"line":33,"column":8},"end":{"line":35,"column":9}},"3":{"start":{"line":34,"column":12},"end":{"line":34,"column":39}},"4":{"start":{"line":36,"column":8},"end":{"line":42,"column":9}},"5":{"start":{"line":37,"column":12},"end":{"line":41,"column":15}},"6":{"start":{"line":38,"column":16},"end":{"line":40,"column":17}},"7":{"start":{"line":39,"column":20},"end":{"line":39,"column":39}},"8":{"start":{"line":48,"column":8},"end":{"line":48,"column":25}},"9":{"start":{"line":52,"column":8},"end":{"line":54,"column":11}},"10":{"start":{"line":55,"column":8},"end":{"line":59,"column":11}},"11":{"start":{"line":56,"column":12},"end":{"line":58,"column":13}},"12":{"start":{"line":57,"column":16},"end":{"line":57,"column":35}},"13":{"start":{"line":62,"column":8},"end":{"line":64,"column":11}},"14":{"start":{"line":65,"column":8},"end":{"line":69,"column":11}},"15":{"start":{"line":66,"column":12},"end":{"line":68,"column":13}},"16":{"start":{"line":67,"column":16},"end":{"line":67,"column":34}},"17":{"start":{"line":72,"column":26},"end":{"line":72,"column":36}},"18":{"start":{"line":73,"column":8},"end":{"line":73,"column":34}},"19":{"start":{"line":74,"column":8},"end":{"line":76,"column":11}},"20":{"start":{"line":79,"column":59},"end":{"line":79,"column":69}},"21":{"start":{"line":80,"column":8},"end":{"line":82,"column":9}},"22":{"start":{"line":81,"column":12},"end":{"line":81,"column":38}},"23":{"start":{"line":83,"column":8},"end":{"line":83,"column":35}},"24":{"start":{"line":84,"column":8},"end":{"line":88,"column":9}},"25":{"start":{"line":85,"column":12},"end":{"line":87,"column":15}},"26":{"start":{"line":89,"column":8},"end":{"line":93,"column":11}},"27":{"start":{"line":90,"column":12},"end":{"line":92,"column":13}},"28":{"start":{"line":91,"column":16},"end":{"line":91,"column":34}},"29":{"start":{"line":96,"column":29},"end":{"line":96,"column":39}},"30":{"start":{"line":97,"column":8},"end":{"line":99,"column":9}},"31":{"start":{"line":98,"column":12},"end":{"line":98,"column":46}},"32":{"start":{"line":100,"column":8},"end":{"line":100,"column":20}},"33":{"start":{"line":103,"column":33},"end":{"line":103,"column":43}},"34":{"start":{"line":104,"column":8},"end":{"line":106,"column":9}},"35":{"start":{"line":105,"column":12},"end":{"line":105,"column":24}},"36":{"start":{"line":107,"column":8},"end":{"line":111,"column":10}},"37":{"start":{"line":114,"column":43},"end":{"line":114,"column":53}},"38":{"start":{"line":115,"column":29},"end":{"line":115,"column":39}},"39":{"start":{"line":116,"column":8},"end":{"line":122,"column":9}},"40":{"start":{"line":117,"column":12},"end":{"line":121,"column":14}},"41":{"start":{"line":123,"column":8},"end":{"line":134,"column":10}},"42":{"start":{"line":137,"column":36},"end":{"line":137,"column":46}},"43":{"start":{"line":138,"column":57},"end":{"line":138,"column":67}},"44":{"start":{"line":139,"column":8},"end":{"line":143,"column":9}},"45":{"start":{"line":140,"column":12},"end":{"line":142,"column":14}},"46":{"start":{"line":144,"column":8},"end":{"line":154,"column":10}},"47":{"start":{"line":148,"column":40},"end":{"line":148,"column":70}},"48":{"start":{"line":157,"column":8},"end":{"line":164,"column":10}},"49":{"start":{"line":168,"column":15},"end":{"line":182,"column":2}}},"fnMap":{"0":{"name":"(anonymous_0)","decl":{"start":{"line":30,"column":4},"end":{"line":30,"column":5}},"loc":{"start":{"line":30,"column":30},"end":{"line":43,"column":5}},"line":30},"1":{"name":"(anonymous_1)","decl":{"start":{"line":37,"column":23},"end":{"line":37,"column":24}},"loc":{"start":{"line":37,"column":29},"end":{"line":41,"column":13}},"line":37},"2":{"name":"(anonymous_2)","decl":{"start":{"line":47,"column":13},"end":{"line":47,"column":14}},"loc":{"start":{"line":47,"column":27},"end":{"line":49,"column":5}},"line":47},"3":{"name":"(anonymous_3)","decl":{"start":{"line":51,"column":23},"end":{"line":51,"column":24}},"loc":{"start":{"line":51,"column":29},"end":{"line":60,"column":5}},"line":51},"4":{"name":"(anonymous_4)","decl":{"start":{"line":55,"column":19},"end":{"line":55,"column":20}},"loc":{"start":{"line":55,"column":25},"end":{"line":59,"column":9}},"line":55},"5":{"name":"(anonymous_5)","decl":{"start":{"line":61,"column":25},"end":{"line":61,"column":26}},"loc":{"start":{"line":61,"column":31},"end":{"line":70,"column":5}},"line":61},"6":{"name":"(anonymous_6)","decl":{"start":{"line":65,"column":19},"end":{"line":65,"column":20}},"loc":{"start":{"line":65,"column":25},"end":{"line":69,"column":9}},"line":65},"7":{"name":"(anonymous_7)","decl":{"start":{"line":71,"column":20},"end":{"line":71,"column":21}},"loc":{"start":{"line":71,"column":26},"end":{"line":77,"column":5}},"line":71},"8":{"name":"(anonymous_8)","decl":{"start":{"line":78,"column":16},"end":{"line":78,"column":17}},"loc":{"start":{"line":78,"column":22},"end":{"line":94,"column":5}},"line":78},"9":{"name":"(anonymous_9)","decl":{"start":{"line":89,"column":19},"end":{"line":89,"column":20}},"loc":{"start":{"line":89,"column":25},"end":{"line":93,"column":9}},"line":89},"10":{"name":"(anonymous_10)","decl":{"start":{"line":95,"column":15},"end":{"line":95,"column":16}},"loc":{"start":{"line":95,"column":21},"end":{"line":101,"column":5}},"line":95},"11":{"name":"(anonymous_11)","decl":{"start":{"line":102,"column":19},"end":{"line":102,"column":20}},"loc":{"start":{"line":102,"column":25},"end":{"line":112,"column":5}},"line":102},"12":{"name":"(anonymous_12)","decl":{"start":{"line":113,"column":20},"end":{"line":113,"column":21}},"loc":{"start":{"line":113,"column":26},"end":{"line":135,"column":5}},"line":113},"13":{"name":"(anonymous_13)","decl":{"start":{"line":136,"column":18},"end":{"line":136,"column":19}},"loc":{"start":{"line":136,"column":24},"end":{"line":155,"column":5}},"line":136},"14":{"name":"(anonymous_14)","decl":{"start":{"line":148,"column":30},"end":{"line":148,"column":31}},"loc":{"start":{"line":148,"column":40},"end":{"line":148,"column":70}},"line":148},"15":{"name":"(anonymous_15)","decl":{"start":{"line":156,"column":4},"end":{"line":156,"column":5}},"loc":{"start":{"line":156,"column":13},"end":{"line":165,"column":5}},"line":156}},"branchMap":{"0":{"loc":{"start":{"line":33,"column":8},"end":{"line":35,"column":9}},"type":"if","locations":[{"start":{"line":33,"column":8},"end":{"line":35,"column":9}},{"start":{"line":33,"column":8},"end":{"line":35,"column":9}}],"line":33},"1":{"loc":{"start":{"line":33,"column":12},"end":{"line":33,"column":78}},"type":"binary-expr","locations":[{"start":{"line":33,"column":12},"end":{"line":33,"column":30}},{"start":{"line":33,"column":35},"end":{"line":33,"column":47}},{"start":{"line":33,"column":51},"end":{"line":33,"column":77}}],"line":33},"2":{"loc":{"start":{"line":36,"column":8},"end":{"line":42,"column":9}},"type":"if","locations":[{"start":{"line":36,"column":8},"end":{"line":42,"column":9}},{"start":{"line":36,"column":8},"end":{"line":42,"column":9}}],"line":36},"3":{"loc":{"start":{"line":36,"column":12},"end":{"line":36,"column":54}},"type":"binary-expr","locations":[{"start":{"line":36,"column":12},"end":{"line":36,"column":24}},{"start":{"line":36,"column":28},"end":{"line":36,"column":54}}],"line":36},"4":{"loc":{"start":{"line":38,"column":16},"end":{"line":40,"column":17}},"type":"if","locations":[{"start":{"line":38,"column":16},"end":{"line":40,"column":17}},{"start":{"line":38,"column":16},"end":{"line":40,"column":17}}],"line":38},"5":{"loc":{"start":{"line":56,"column":12},"end":{"line":58,"column":13}},"type":"if","locations":[{"start":{"line":56,"column":12},"end":{"line":58,"column":13}},{"start":{"line":56,"column":12},"end":{"line":58,"column":13}}],"line":56},"6":{"loc":{"start":{"line":66,"column":12},"end":{"line":68,"column":13}},"type":"if","locations":[{"start":{"line":66,"column":12},"end":{"line":68,"column":13}},{"start":{"line":66,"column":12},"end":{"line":68,"column":13}}],"line":66},"7":{"loc":{"start":{"line":80,"column":8},"end":{"line":82,"column":9}},"type":"if","locations":[{"start":{"line":80,"column":8},"end":{"line":82,"column":9}},{"start":{"line":80,"column":8},"end":{"line":82,"column":9}}],"line":80},"8":{"loc":{"start":{"line":84,"column":8},"end":{"line":88,"column":9}},"type":"if","locations":[{"start":{"line":84,"column":8},"end":{"line":88,"column":9}},{"start":{"line":84,"column":8},"end":{"line":88,"column":9}}],"line":84},"9":{"loc":{"start":{"line":90,"column":12},"end":{"line":92,"column":13}},"type":"if","locations":[{"start":{"line":90,"column":12},"end":{"line":92,"column":13}},{"start":{"line":90,"column":12},"end":{"line":92,"column":13}}],"line":90},"10":{"loc":{"start":{"line":97,"column":8},"end":{"line":99,"column":9}},"type":"if","locations":[{"start":{"line":97,"column":8},"end":{"line":99,"column":9}},{"start":{"line":97,"column":8},"end":{"line":99,"column":9}}],"line":97},"11":{"loc":{"start":{"line":104,"column":8},"end":{"line":106,"column":9}},"type":"if","locations":[{"start":{"line":104,"column":8},"end":{"line":106,"column":9}},{"start":{"line":104,"column":8},"end":{"line":106,"column":9}}],"line":104},"12":{"loc":{"start":{"line":116,"column":8},"end":{"line":122,"column":9}},"type":"if","locations":[{"start":{"line":116,"column":8},"end":{"line":122,"column":9}},{"start":{"line":116,"column":8},"end":{"line":122,"column":9}}],"line":116},"13":{"loc":{"start":{"line":116,"column":12},"end":{"line":116,"column":38}},"type":"binary-expr","locations":[{"start":{"line":116,"column":12},"end":{"line":116,"column":25}},{"start":{"line":116,"column":29},"end":{"line":116,"column":38}}],"line":116},"14":{"loc":{"start":{"line":139,"column":8},"end":{"line":143,"column":9}},"type":"if","locations":[{"start":{"line":139,"column":8},"end":{"line":143,"column":9}},{"start":{"line":139,"column":8},"end":{"line":143,"column":9}}],"line":139},"15":{"loc":{"start":{"line":139,"column":12},"end":{"line":139,"column":38}},"type":"binary-expr","locations":[{"start":{"line":139,"column":12},"end":{"line":139,"column":25}},{"start":{"line":139,"column":29},"end":{"line":139,"column":38}}],"line":139}},"s":{"0":0,"1":0,"2":0,"3":0,"4":0,"5":0,"6":0,"7":0,"8":0,"9":0,"10":0,"11":0,"12":0,"13":0,"14":0,"15":0,"16":0,"17":0,"18":0,"19":0,"20":0,"21":0,"22":0,"23":0,"24":0,"25":0,"26":0,"27":0,"28":0,"29":0,"30":0,"31":0,"32":0,"33":0,"34":0,"35":0,"36":0,"37":0,"38":0,"39":0,"40":0,"41":0,"42":0,"43":0,"44":0,"45":0,"46":0,"47":0,"48":0,"49":1},"f":{"0":0,"1":0,"2":0,"3":0,"4":0,"5":0,"6":0,"7":0,"8":0,"9":0,"10":0,"11":0,"12":0,"13":0,"14":0,"15":0},"b":{"0":[0,0],"1":[0,0,0],"2":[0,0],"3":[0,0],"4":[0,0],"5":[0,0],"6":[0,0],"7":[0,0],"8":[0,0],"9":[0,0],"10":[0,0],"11":[0,0],"12":[0,0],"13":[0,0],"14":[0,0],"15":[0,0]},"_coverageSchema":"332fd63041d2c1bcb487cc26dd0d5f7d97098a6c","hash":"c788014677ca06b102437e2a33c640bd114a32e4"}
,"/home/alexcoach/projects/photolocations/app/core/components/Map.js": {"path":"/home/alexcoach/projects/photolocations/app/core/components/Map.js","statementMap":{},"fnMap":{},"branchMap":{},"s":{},"f":{},"b":{},"_coverageSchema":"332fd63041d2c1bcb487cc26dd0d5f7d97098a6c","hash":"5e02fef16735c602543139f02b920d1f0867c0f4"}
,"/home/alexcoach/projects/photolocations/app/core/components/MapMarker.js": {"path":"/home/alexcoach/projects/photolocations/app/core/components/MapMarker.js","statementMap":{"0":{"start":{"line":8,"column":35},"end":{"line":8,"column":45}},"1":{"start":{"line":9,"column":8},"end":{"line":11,"column":9}},"2":{"start":{"line":10,"column":12},"end":{"line":10,"column":40}},"3":{"start":{"line":14,"column":26},"end":{"line":14,"column":36}},"4":{"start":{"line":15,"column":8},"end":{"line":17,"column":9}},"5":{"start":{"line":16,"column":12},"end":{"line":16,"column":25}},"6":{"start":{"line":18,"column":8},"end":{"line":18,"column":25}},"7":{"start":{"line":21,"column":8},"end":{"line":23,"column":9}},"8":{"start":{"line":22,"column":12},"end":{"line":22,"column":30}},"9":{"start":{"line":27,"column":26},"end":{"line":27,"column":36}},"10":{"start":{"line":28,"column":8},"end":{"line":30,"column":9}},"11":{"start":{"line":29,"column":12},"end":{"line":29,"column":24}},"12":{"start":{"line":31,"column":8},"end":{"line":33,"column":10}},"13":{"start":{"line":36,"column":8},"end":{"line":45,"column":10}}},"fnMap":{"0":{"name":"(anonymous_0)","decl":{"start":{"line":7,"column":21},"end":{"line":7,"column":22}},"loc":{"start":{"line":7,"column":27},"end":{"line":12,"column":5}},"line":7},"1":{"name":"(anonymous_1)","decl":{"start":{"line":13,"column":15},"end":{"line":13,"column":16}},"loc":{"start":{"line":13,"column":21},"end":{"line":19,"column":5}},"line":13},"2":{"name":"(anonymous_2)","decl":{"start":{"line":20,"column":13},"end":{"line":20,"column":14}},"loc":{"start":{"line":20,"column":27},"end":{"line":24,"column":5}},"line":20},"3":{"name":"(anonymous_3)","decl":{"start":{"line":26,"column":20},"end":{"line":26,"column":21}},"loc":{"start":{"line":26,"column":26},"end":{"line":34,"column":5}},"line":26},"4":{"name":"(anonymous_4)","decl":{"start":{"line":35,"column":4},"end":{"line":35,"column":5}},"loc":{"start":{"line":35,"column":13},"end":{"line":46,"column":5}},"line":35}},"branchMap":{"0":{"loc":{"start":{"line":9,"column":8},"end":{"line":11,"column":9}},"type":"if","locations":[{"start":{"line":9,"column":8},"end":{"line":11,"column":9}},{"start":{"line":9,"column":8},"end":{"line":11,"column":9}}],"line":9},"1":{"loc":{"start":{"line":15,"column":8},"end":{"line":17,"column":9}},"type":"if","locations":[{"start":{"line":15,"column":8},"end":{"line":17,"column":9}},{"start":{"line":15,"column":8},"end":{"line":17,"column":9}}],"line":15},"2":{"loc":{"start":{"line":15,"column":12},"end":{"line":15,"column":49}},"type":"binary-expr","locations":[{"start":{"line":15,"column":12},"end":{"line":15,"column":17}},{"start":{"line":15,"column":21},"end":{"line":15,"column":49}}],"line":15},"3":{"loc":{"start":{"line":21,"column":8},"end":{"line":23,"column":9}},"type":"if","locations":[{"start":{"line":21,"column":8},"end":{"line":23,"column":9}},{"start":{"line":21,"column":8},"end":{"line":23,"column":9}}],"line":21},"4":{"loc":{"start":{"line":28,"column":8},"end":{"line":30,"column":9}},"type":"if","locations":[{"start":{"line":28,"column":8},"end":{"line":30,"column":9}},{"start":{"line":28,"column":8},"end":{"line":30,"column":9}}],"line":28},"5":{"loc":{"start":{"line":28,"column":12},"end":{"line":28,"column":50}},"type":"binary-expr","locations":[{"start":{"line":28,"column":12},"end":{"line":28,"column":18}},{"start":{"line":28,"column":22},"end":{"line":28,"column":50}}],"line":28}},"s":{"0":0,"1":0,"2":0,"3":1,"4":1,"5":0,"6":1,"7":0,"8":0,"9":1,"10":1,"11":1,"12":0,"13":1},"f":{"0":0,"1":1,"2":0,"3":1,"4":1},"b":{"0":[0,0],"1":[0,1],"2":[1,0],"3":[0,0],"4":[1,0],"5":[1,0]},"_coverageSchema":"332fd63041d2c1bcb487cc26dd0d5f7d97098a6c","hash":"baa6a4fab570f537e4f741399c2f8513b6aa27a9"}
,"/home/alexcoach/projects/photolocations/app/core/components/Modals.js": {"path":"/home/alexcoach/projects/photolocations/app/core/components/Modals.js","statementMap":{"0":{"start":{"line":15,"column":19},"end":{"line":40,"column":1}},"1":{"start":{"line":42,"column":26},"end":{"line":42,"column":41}},"2":{"start":{"line":61,"column":8},"end":{"line":71,"column":9}},"3":{"start":{"line":62,"column":34},"end":{"line":62,"column":36}},"4":{"start":{"line":63,"column":12},"end":{"line":67,"column":15}},"5":{"start":{"line":64,"column":16},"end":{"line":66,"column":17}},"6":{"start":{"line":65,"column":20},"end":{"line":65,"column":48}},"7":{"start":{"line":68,"column":12},"end":{"line":70,"column":15}},"8":{"start":{"line":74,"column":22},"end":{"line":74,"column":70}},"9":{"start":{"line":75,"column":8},"end":{"line":79,"column":10}},"10":{"start":{"line":82,"column":8},"end":{"line":84,"column":9}},"11":{"start":{"line":83,"column":12},"end":{"line":83,"column":48}},"12":{"start":{"line":85,"column":8},"end":{"line":87,"column":9}},"13":{"start":{"line":86,"column":12},"end":{"line":86,"column":36}},"14":{"start":{"line":88,"column":8},"end":{"line":88,"column":32}},"15":{"start":{"line":90,"column":30},"end":{"line":98,"column":5}},"16":{"start":{"line":91,"column":30},"end":{"line":91,"column":54}},"17":{"start":{"line":92,"column":8},"end":{"line":97,"column":9}},"18":{"start":{"line":93,"column":12},"end":{"line":93,"column":34}},"19":{"start":{"line":94,"column":12},"end":{"line":96,"column":15}},"20":{"start":{"line":99,"column":24},"end":{"line":107,"column":5}},"21":{"start":{"line":100,"column":30},"end":{"line":100,"column":54}},"22":{"start":{"line":101,"column":8},"end":{"line":106,"column":9}},"23":{"start":{"line":102,"column":12},"end":{"line":102,"column":34}},"24":{"start":{"line":103,"column":12},"end":{"line":105,"column":15}},"25":{"start":{"line":108,"column":35},"end":{"line":108,"column":68}},"26":{"start":{"line":110,"column":8},"end":{"line":120,"column":9}},"27":{"start":{"line":111,"column":32},"end":{"line":114,"column":13}},"28":{"start":{"line":115,"column":12},"end":{"line":119,"column":14}},"29":{"start":{"line":121,"column":8},"end":{"line":127,"column":10}},"30":{"start":{"line":130,"column":28},"end":{"line":130,"column":34}},"31":{"start":{"line":131,"column":8},"end":{"line":133,"column":9}},"32":{"start":{"line":132,"column":12},"end":{"line":132,"column":40}},"33":{"start":{"line":134,"column":8},"end":{"line":154,"column":10}},"34":{"start":{"line":157,"column":32},"end":{"line":157,"column":42}},"35":{"start":{"line":158,"column":8},"end":{"line":158,"column":49}},"36":{"start":{"line":162,"column":33},"end":{"line":165,"column":1}},"37":{"start":{"line":167,"column":15},"end":{"line":191,"column":1}}},"fnMap":{"0":{"name":"(anonymous_0)","decl":{"start":{"line":60,"column":4},"end":{"line":60,"column":5}},"loc":{"start":{"line":60,"column":48},"end":{"line":72,"column":5}},"line":60},"1":{"name":"(anonymous_1)","decl":{"start":{"line":63,"column":42},"end":{"line":63,"column":43}},"loc":{"start":{"line":63,"column":53},"end":{"line":67,"column":13}},"line":63},"2":{"name":"(anonymous_2)","decl":{"start":{"line":73,"column":20},"end":{"line":73,"column":21}},"loc":{"start":{"line":73,"column":45},"end":{"line":80,"column":5}},"line":73},"3":{"name":"(anonymous_3)","decl":{"start":{"line":81,"column":24},"end":{"line":81,"column":25}},"loc":{"start":{"line":81,"column":57},"end":{"line":89,"column":5}},"line":81},"4":{"name":"(anonymous_4)","decl":{"start":{"line":90,"column":24},"end":{"line":90,"column":25}},"loc":{"start":{"line":90,"column":30},"end":{"line":98,"column":5}},"line":90},"5":{"name":"(anonymous_5)","decl":{"start":{"line":90,"column":30},"end":{"line":90,"column":31}},"loc":{"start":{"line":90,"column":36},"end":{"line":98,"column":5}},"line":90},"6":{"name":"(anonymous_6)","decl":{"start":{"line":99,"column":18},"end":{"line":99,"column":19}},"loc":{"start":{"line":99,"column":24},"end":{"line":107,"column":5}},"line":99},"7":{"name":"(anonymous_7)","decl":{"start":{"line":99,"column":24},"end":{"line":99,"column":25}},"loc":{"start":{"line":99,"column":30},"end":{"line":107,"column":5}},"line":99},"8":{"name":"(anonymous_8)","decl":{"start":{"line":108,"column":29},"end":{"line":108,"column":30}},"loc":{"start":{"line":108,"column":35},"end":{"line":108,"column":68}},"line":108},"9":{"name":"(anonymous_9)","decl":{"start":{"line":109,"column":29},"end":{"line":109,"column":30}},"loc":{"start":{"line":109,"column":54},"end":{"line":128,"column":5}},"line":109},"10":{"name":"(anonymous_10)","decl":{"start":{"line":129,"column":18},"end":{"line":129,"column":19}},"loc":{"start":{"line":129,"column":58},"end":{"line":155,"column":5}},"line":129},"11":{"name":"(anonymous_11)","decl":{"start":{"line":156,"column":4},"end":{"line":156,"column":5}},"loc":{"start":{"line":156,"column":13},"end":{"line":159,"column":5}},"line":156},"12":{"name":"(anonymous_12)","decl":{"start":{"line":162,"column":23},"end":{"line":162,"column":24}},"loc":{"start":{"line":162,"column":33},"end":{"line":165,"column":1}},"line":162}},"branchMap":{"0":{"loc":{"start":{"line":61,"column":8},"end":{"line":71,"column":9}},"type":"if","locations":[{"start":{"line":61,"column":8},"end":{"line":71,"column":9}},{"start":{"line":61,"column":8},"end":{"line":71,"column":9}}],"line":61},"1":{"loc":{"start":{"line":64,"column":16},"end":{"line":66,"column":17}},"type":"if","locations":[{"start":{"line":64,"column":16},"end":{"line":66,"column":17}},{"start":{"line":64,"column":16},"end":{"line":66,"column":17}}],"line":64},"2":{"loc":{"start":{"line":74,"column":22},"end":{"line":74,"column":70}},"type":"cond-expr","locations":[{"start":{"line":74,"column":36},"end":{"line":74,"column":65}},{"start":{"line":74,"column":68},"end":{"line":74,"column":70}}],"line":74},"3":{"loc":{"start":{"line":82,"column":8},"end":{"line":84,"column":9}},"type":"if","locations":[{"start":{"line":82,"column":8},"end":{"line":84,"column":9}},{"start":{"line":82,"column":8},"end":{"line":84,"column":9}}],"line":82},"4":{"loc":{"start":{"line":82,"column":12},"end":{"line":82,"column":82}},"type":"binary-expr","locations":[{"start":{"line":82,"column":13},"end":{"line":82,"column":49}},{"start":{"line":82,"column":54},"end":{"line":82,"column":82}}],"line":82},"5":{"loc":{"start":{"line":85,"column":8},"end":{"line":87,"column":9}},"type":"if","locations":[{"start":{"line":85,"column":8},"end":{"line":87,"column":9}},{"start":{"line":85,"column":8},"end":{"line":87,"column":9}}],"line":85},"6":{"loc":{"start":{"line":92,"column":8},"end":{"line":97,"column":9}},"type":"if","locations":[{"start":{"line":92,"column":8},"end":{"line":97,"column":9}},{"start":{"line":92,"column":8},"end":{"line":97,"column":9}}],"line":92},"7":{"loc":{"start":{"line":92,"column":12},"end":{"line":92,"column":41}},"type":"binary-expr","locations":[{"start":{"line":92,"column":12},"end":{"line":92,"column":14}},{"start":{"line":92,"column":18},"end":{"line":92,"column":41}}],"line":92},"8":{"loc":{"start":{"line":101,"column":8},"end":{"line":106,"column":9}},"type":"if","locations":[{"start":{"line":101,"column":8},"end":{"line":106,"column":9}},{"start":{"line":101,"column":8},"end":{"line":106,"column":9}}],"line":101},"9":{"loc":{"start":{"line":110,"column":8},"end":{"line":120,"column":9}},"type":"if","locations":[{"start":{"line":110,"column":8},"end":{"line":120,"column":9}},{"start":{"line":110,"column":8},"end":{"line":120,"column":9}}],"line":110},"10":{"loc":{"start":{"line":131,"column":8},"end":{"line":133,"column":9}},"type":"if","locations":[{"start":{"line":131,"column":8},"end":{"line":133,"column":9}},{"start":{"line":131,"column":8},"end":{"line":133,"column":9}}],"line":131},"11":{"loc":{"start":{"line":144,"column":31},"end":{"line":144,"column":92}},"type":"binary-expr","locations":[{"start":{"line":144,"column":31},"end":{"line":144,"column":46}},{"start":{"line":144,"column":50},"end":{"line":144,"column":92}}],"line":144}},"s":{"0":1,"1":1,"2":0,"3":0,"4":0,"5":0,"6":0,"7":0,"8":1,"9":1,"10":2,"11":0,"12":2,"13":0,"14":2,"15":2,"16":0,"17":0,"18":0,"19":0,"20":1,"21":0,"22":0,"23":0,"24":0,"25":0,"26":1,"27":0,"28":0,"29":1,"30":1,"31":1,"32":0,"33":1,"34":1,"35":1,"36":1,"37":1},"f":{"0":0,"1":0,"2":1,"3":2,"4":2,"5":0,"6":1,"7":0,"8":0,"9":1,"10":1,"11":1,"12":1},"b":{"0":[0,0],"1":[0,0],"2":[0,1],"3":[0,2],"4":[2,0],"5":[0,2],"6":[0,0],"7":[0,0],"8":[0,0],"9":[0,1],"10":[0,1],"11":[1,1]},"_coverageSchema":"332fd63041d2c1bcb487cc26dd0d5f7d97098a6c","hash":"fbdd6ffea8ac58c199706e9493e91bb5781ed16c"}
,"/home/alexcoach/projects/photolocations/app/core/components/Navigation.js": {"path":"/home/alexcoach/projects/photolocations/app/core/components/Navigation.js","statementMap":{"0":{"start":{"line":15,"column":24},"end":{"line":18,"column":2}},"1":{"start":{"line":16,"column":4},"end":{"line":16,"column":54}},"2":{"start":{"line":17,"column":4},"end":{"line":17,"column":35}},"3":{"start":{"line":21,"column":51},"end":{"line":21,"column":82}},"4":{"start":{"line":23,"column":8},"end":{"line":33,"column":10}}},"fnMap":{"0":{"name":"(anonymous_0)","decl":{"start":{"line":15,"column":35},"end":{"line":15,"column":36}},"loc":{"start":{"line":15,"column":83},"end":{"line":18,"column":1}},"line":15},"1":{"name":"(anonymous_1)","decl":{"start":{"line":21,"column":18},"end":{"line":21,"column":19}},"loc":{"start":{"line":21,"column":51},"end":{"line":21,"column":82}},"line":21},"2":{"name":"(anonymous_2)","decl":{"start":{"line":22,"column":4},"end":{"line":22,"column":5}},"loc":{"start":{"line":22,"column":13},"end":{"line":34,"column":5}},"line":22}},"branchMap":{},"s":{"0":1,"1":0,"2":0,"3":0,"4":1},"f":{"0":0,"1":0,"2":1},"b":{},"_coverageSchema":"332fd63041d2c1bcb487cc26dd0d5f7d97098a6c","hash":"c44bb383a1954f112488b70d2254b58263b2d013"}
,"/home/alexcoach/projects/photolocations/app/core/components/Screen.js": {"path":"/home/alexcoach/projects/photolocations/app/core/components/Screen.js","statementMap":{"0":{"start":{"line":38,"column":25},"end":{"line":38,"column":35}},"1":{"start":{"line":39,"column":8},"end":{"line":41,"column":9}},"2":{"start":{"line":40,"column":12},"end":{"line":40,"column":24}},"3":{"start":{"line":42,"column":25},"end":{"line":42,"column":29}},"4":{"start":{"line":43,"column":8},"end":{"line":47,"column":9}},"5":{"start":{"line":44,"column":12},"end":{"line":46,"column":14}},"6":{"start":{"line":48,"column":8},"end":{"line":54,"column":9}},"7":{"start":{"line":49,"column":12},"end":{"line":53,"column":14}},"8":{"start":{"line":50,"column":51},"end":{"line":50,"column":70}},"9":{"start":{"line":55,"column":8},"end":{"line":66,"column":9}},"10":{"start":{"line":56,"column":12},"end":{"line":65,"column":14}},"11":{"start":{"line":60,"column":24},"end":{"line":60,"column":58}},"12":{"start":{"line":67,"column":8},"end":{"line":67,"column":20}},"13":{"start":{"line":70,"column":39},"end":{"line":70,"column":49}},"14":{"start":{"line":71,"column":8},"end":{"line":81,"column":10}},"15":{"start":{"line":84,"column":8},"end":{"line":86,"column":9}},"16":{"start":{"line":85,"column":12},"end":{"line":85,"column":24}},"17":{"start":{"line":87,"column":26},"end":{"line":87,"column":106}},"18":{"start":{"line":88,"column":8},"end":{"line":88,"column":39}},"19":{"start":{"line":92,"column":8},"end":{"line":95,"column":21}},"20":{"start":{"line":98,"column":8},"end":{"line":100,"column":14}},"21":{"start":{"line":103,"column":25},"end":{"line":103,"column":35}},"22":{"start":{"line":104,"column":8},"end":{"line":106,"column":9}},"23":{"start":{"line":105,"column":12},"end":{"line":105,"column":24}},"24":{"start":{"line":107,"column":8},"end":{"line":111,"column":10}},"25":{"start":{"line":114,"column":29},"end":{"line":114,"column":39}},"26":{"start":{"line":115,"column":8},"end":{"line":117,"column":9}},"27":{"start":{"line":116,"column":12},"end":{"line":116,"column":24}},"28":{"start":{"line":118,"column":8},"end":{"line":118,"column":45}},"29":{"start":{"line":121,"column":8},"end":{"line":127,"column":10}},"30":{"start":{"line":133,"column":15},"end":{"line":137,"column":2}}},"fnMap":{"0":{"name":"(anonymous_0)","decl":{"start":{"line":37,"column":23},"end":{"line":37,"column":24}},"loc":{"start":{"line":37,"column":29},"end":{"line":68,"column":5}},"line":37},"1":{"name":"(anonymous_1)","decl":{"start":{"line":50,"column":45},"end":{"line":50,"column":46}},"loc":{"start":{"line":50,"column":51},"end":{"line":50,"column":70}},"line":50},"2":{"name":"(anonymous_2)","decl":{"start":{"line":59,"column":29},"end":{"line":59,"column":30}},"loc":{"start":{"line":59,"column":35},"end":{"line":61,"column":21}},"line":59},"3":{"name":"(anonymous_3)","decl":{"start":{"line":69,"column":19},"end":{"line":69,"column":20}},"loc":{"start":{"line":69,"column":25},"end":{"line":82,"column":5}},"line":69},"4":{"name":"(anonymous_4)","decl":{"start":{"line":83,"column":27},"end":{"line":83,"column":28}},"loc":{"start":{"line":83,"column":53},"end":{"line":90,"column":5}},"line":83},"5":{"name":"(anonymous_5)","decl":{"start":{"line":91,"column":23},"end":{"line":91,"column":24}},"loc":{"start":{"line":92,"column":8},"end":{"line":95,"column":21}},"line":92},"6":{"name":"(anonymous_6)","decl":{"start":{"line":97,"column":16},"end":{"line":97,"column":17}},"loc":{"start":{"line":98,"column":8},"end":{"line":100,"column":14}},"line":98},"7":{"name":"(anonymous_7)","decl":{"start":{"line":102,"column":17},"end":{"line":102,"column":18}},"loc":{"start":{"line":102,"column":23},"end":{"line":112,"column":5}},"line":102},"8":{"name":"(anonymous_8)","decl":{"start":{"line":113,"column":20},"end":{"line":113,"column":21}},"loc":{"start":{"line":113,"column":26},"end":{"line":119,"column":5}},"line":113},"9":{"name":"(anonymous_9)","decl":{"start":{"line":120,"column":4},"end":{"line":120,"column":5}},"loc":{"start":{"line":120,"column":13},"end":{"line":128,"column":5}},"line":120}},"branchMap":{"0":{"loc":{"start":{"line":39,"column":8},"end":{"line":41,"column":9}},"type":"if","locations":[{"start":{"line":39,"column":8},"end":{"line":41,"column":9}},{"start":{"line":39,"column":8},"end":{"line":41,"column":9}}],"line":39},"1":{"loc":{"start":{"line":43,"column":8},"end":{"line":47,"column":9}},"type":"if","locations":[{"start":{"line":43,"column":8},"end":{"line":47,"column":9}},{"start":{"line":43,"column":8},"end":{"line":47,"column":9}}],"line":43},"2":{"loc":{"start":{"line":48,"column":8},"end":{"line":54,"column":9}},"type":"if","locations":[{"start":{"line":48,"column":8},"end":{"line":54,"column":9}},{"start":{"line":48,"column":8},"end":{"line":54,"column":9}}],"line":48},"3":{"loc":{"start":{"line":55,"column":8},"end":{"line":66,"column":9}},"type":"if","locations":[{"start":{"line":55,"column":8},"end":{"line":66,"column":9}},{"start":{"line":55,"column":8},"end":{"line":66,"column":9}}],"line":55},"4":{"loc":{"start":{"line":72,"column":32},"end":{"line":72,"column":51}},"type":"binary-expr","locations":[{"start":{"line":72,"column":32},"end":{"line":72,"column":36}},{"start":{"line":72,"column":40},"end":{"line":72,"column":51}}],"line":72},"5":{"loc":{"start":{"line":84,"column":8},"end":{"line":86,"column":9}},"type":"if","locations":[{"start":{"line":84,"column":8},"end":{"line":86,"column":9}},{"start":{"line":84,"column":8},"end":{"line":86,"column":9}}],"line":84},"6":{"loc":{"start":{"line":87,"column":26},"end":{"line":87,"column":106}},"type":"cond-expr","locations":[{"start":{"line":87,"column":65},"end":{"line":87,"column":89}},{"start":{"line":87,"column":92},"end":{"line":87,"column":106}}],"line":87},"7":{"loc":{"start":{"line":104,"column":8},"end":{"line":106,"column":9}},"type":"if","locations":[{"start":{"line":104,"column":8},"end":{"line":106,"column":9}},{"start":{"line":104,"column":8},"end":{"line":106,"column":9}}],"line":104},"8":{"loc":{"start":{"line":104,"column":12},"end":{"line":104,"column":33}},"type":"binary-expr","locations":[{"start":{"line":104,"column":12},"end":{"line":104,"column":17}},{"start":{"line":104,"column":21},"end":{"line":104,"column":33}}],"line":104},"9":{"loc":{"start":{"line":115,"column":8},"end":{"line":117,"column":9}},"type":"if","locations":[{"start":{"line":115,"column":8},"end":{"line":117,"column":9}},{"start":{"line":115,"column":8},"end":{"line":117,"column":9}}],"line":115}},"s":{"0":2,"1":2,"2":0,"3":2,"4":2,"5":0,"6":2,"7":2,"8":0,"9":0,"10":0,"11":0,"12":0,"13":2,"14":2,"15":2,"16":0,"17":2,"18":2,"19":2,"20":2,"21":2,"22":2,"23":1,"24":1,"25":2,"26":2,"27":1,"28":1,"29":2,"30":3},"f":{"0":2,"1":0,"2":0,"3":2,"4":2,"5":2,"6":2,"7":2,"8":2,"9":2},"b":{"0":[0,2],"1":[0,2],"2":[2,0],"3":[0,0],"4":[2,1],"5":[0,2],"6":[2,0],"7":[1,1],"8":[2,1],"9":[1,1]},"_coverageSchema":"332fd63041d2c1bcb487cc26dd0d5f7d97098a6c","hash":"79472c464e511ae6da344378bf1f0b0226c532c7"}
,"/home/alexcoach/projects/photolocations/app/core/components/SectionTitle.js": {"path":"/home/alexcoach/projects/photolocations/app/core/components/SectionTitle.js","statementMap":{"0":{"start":{"line":17,"column":26},"end":{"line":17,"column":36}},"1":{"start":{"line":18,"column":8},"end":{"line":20,"column":9}},"2":{"start":{"line":19,"column":12},"end":{"line":19,"column":24}},"3":{"start":{"line":21,"column":8},"end":{"line":25,"column":10}},"4":{"start":{"line":28,"column":25},"end":{"line":28,"column":35}},"5":{"start":{"line":29,"column":8},"end":{"line":31,"column":9}},"6":{"start":{"line":30,"column":12},"end":{"line":30,"column":24}},"7":{"start":{"line":32,"column":8},"end":{"line":34,"column":10}},"8":{"start":{"line":37,"column":32},"end":{"line":37,"column":42}},"9":{"start":{"line":38,"column":8},"end":{"line":46,"column":10}},"10":{"start":{"line":50,"column":15},"end":{"line":67,"column":2}}},"fnMap":{"0":{"name":"(anonymous_0)","decl":{"start":{"line":16,"column":18},"end":{"line":16,"column":19}},"loc":{"start":{"line":16,"column":24},"end":{"line":26,"column":5}},"line":16},"1":{"name":"(anonymous_1)","decl":{"start":{"line":27,"column":17},"end":{"line":27,"column":18}},"loc":{"start":{"line":27,"column":23},"end":{"line":35,"column":5}},"line":27},"2":{"name":"(anonymous_2)","decl":{"start":{"line":36,"column":4},"end":{"line":36,"column":5}},"loc":{"start":{"line":36,"column":13},"end":{"line":47,"column":5}},"line":36}},"branchMap":{"0":{"loc":{"start":{"line":18,"column":8},"end":{"line":20,"column":9}},"type":"if","locations":[{"start":{"line":18,"column":8},"end":{"line":20,"column":9}},{"start":{"line":18,"column":8},"end":{"line":20,"column":9}}],"line":18},"1":{"loc":{"start":{"line":29,"column":8},"end":{"line":31,"column":9}},"type":"if","locations":[{"start":{"line":29,"column":8},"end":{"line":31,"column":9}},{"start":{"line":29,"column":8},"end":{"line":31,"column":9}}],"line":29}},"s":{"0":1,"1":1,"2":0,"3":1,"4":1,"5":1,"6":0,"7":1,"8":1,"9":1,"10":2},"f":{"0":1,"1":1,"2":1},"b":{"0":[0,1],"1":[0,1]},"_coverageSchema":"332fd63041d2c1bcb487cc26dd0d5f7d97098a6c","hash":"bba08271e47a86b09971fdfd5d9a34f3f9bf4746"}
,"/home/alexcoach/projects/photolocations/app/core/components/index.js": {"path":"/home/alexcoach/projects/photolocations/app/core/components/index.js","statementMap":{},"fnMap":{},"branchMap":{},"s":{},"f":{},"b":{},"_coverageSchema":"332fd63041d2c1bcb487cc26dd0d5f7d97098a6c","hash":"e3b6efaa5bcd376dcd982c92c98297c7b4fa44a9"}
,"/home/alexcoach/projects/photolocations/app/core/services/ENV.js": {"path":"/home/alexcoach/projects/photolocations/app/core/services/ENV.js","statementMap":{},"fnMap":{},"branchMap":{},"s":{},"f":{},"b":{},"_coverageSchema":"332fd63041d2c1bcb487cc26dd0d5f7d97098a6c","hash":"137b95fae3bcf0af886bf3aa73b8712398ee29a6"}
,"/home/alexcoach/projects/photolocations/app/core/services/Geolocation.js": {"path":"/home/alexcoach/projects/photolocations/app/core/services/Geolocation.js","statementMap":{"0":{"start":{"line":2,"column":23},"end":{"line":4,"column":6}},"1":{"start":{"line":3,"column":8},"end":{"line":3,"column":90}},"2":{"start":{"line":3,"column":65},"end":{"line":3,"column":80}},"3":{"start":{"line":6,"column":52},"end":{"line":6,"column":61}},"4":{"start":{"line":7,"column":52},"end":{"line":7,"column":61}},"5":{"start":{"line":8,"column":24},"end":{"line":8,"column":46}},"6":{"start":{"line":9,"column":24},"end":{"line":9,"column":46}},"7":{"start":{"line":10,"column":22},"end":{"line":10,"column":33}},"8":{"start":{"line":11,"column":25},"end":{"line":11,"column":48}},"9":{"start":{"line":12,"column":19},"end":{"line":13,"column":72}},"10":{"start":{"line":14,"column":8},"end":{"line":14,"column":31}},"11":{"start":{"line":15,"column":8},"end":{"line":15,"column":38}},"12":{"start":{"line":16,"column":8},"end":{"line":16,"column":34}},"13":{"start":{"line":17,"column":8},"end":{"line":19,"column":9}},"14":{"start":{"line":18,"column":12},"end":{"line":18,"column":35}},"15":{"start":{"line":20,"column":8},"end":{"line":22,"column":9}},"16":{"start":{"line":21,"column":12},"end":{"line":21,"column":33}},"17":{"start":{"line":23,"column":8},"end":{"line":23,"column":20}}},"fnMap":{"0":{"name":"(anonymous_0)","decl":{"start":{"line":2,"column":17},"end":{"line":2,"column":18}},"loc":{"start":{"line":2,"column":23},"end":{"line":4,"column":6}},"line":2},"1":{"name":"(anonymous_1)","decl":{"start":{"line":2,"column":35},"end":{"line":2,"column":36}},"loc":{"start":{"line":2,"column":56},"end":{"line":4,"column":5}},"line":2},"2":{"name":"(anonymous_2)","decl":{"start":{"line":3,"column":49},"end":{"line":3,"column":50}},"loc":{"start":{"line":3,"column":65},"end":{"line":3,"column":80}},"line":3},"3":{"name":"(anonymous_3)","decl":{"start":{"line":5,"column":17},"end":{"line":5,"column":18}},"loc":{"start":{"line":5,"column":55},"end":{"line":24,"column":5}},"line":5}},"branchMap":{"0":{"loc":{"start":{"line":5,"column":40},"end":{"line":5,"column":50}},"type":"default-arg","locations":[{"start":{"line":5,"column":47},"end":{"line":5,"column":50}}],"line":5},"1":{"loc":{"start":{"line":17,"column":8},"end":{"line":19,"column":9}},"type":"if","locations":[{"start":{"line":17,"column":8},"end":{"line":19,"column":9}},{"start":{"line":17,"column":8},"end":{"line":19,"column":9}}],"line":17},"2":{"loc":{"start":{"line":20,"column":8},"end":{"line":22,"column":9}},"type":"if","locations":[{"start":{"line":20,"column":8},"end":{"line":22,"column":9}},{"start":{"line":20,"column":8},"end":{"line":22,"column":9}}],"line":20}},"s":{"0":0,"1":0,"2":0,"3":1,"4":1,"5":1,"6":1,"7":1,"8":1,"9":1,"10":1,"11":1,"12":1,"13":1,"14":1,"15":0,"16":0,"17":0},"f":{"0":0,"1":0,"2":0,"3":1},"b":{"0":[1],"1":[1,0],"2":[0,0]},"_coverageSchema":"332fd63041d2c1bcb487cc26dd0d5f7d97098a6c","hash":"0ee1eb1045aa49d9d56d588ce8198996d81ece34"}
,"/home/alexcoach/projects/photolocations/app/core/services/Http.js": {"path":"/home/alexcoach/projects/photolocations/app/core/services/Http.js","statementMap":{"0":{"start":{"line":4,"column":29},"end":{"line":8,"column":1}},"1":{"start":{"line":16,"column":8},"end":{"line":16,"column":36}},"2":{"start":{"line":17,"column":8},"end":{"line":17,"column":45}},"3":{"start":{"line":21,"column":8},"end":{"line":21,"column":77}},"4":{"start":{"line":23,"column":8},"end":{"line":23,"column":78}},"5":{"start":{"line":25,"column":8},"end":{"line":25,"column":77}},"6":{"start":{"line":27,"column":8},"end":{"line":27,"column":79}},"7":{"start":{"line":29,"column":8},"end":{"line":29,"column":80}},"8":{"start":{"line":39,"column":28},"end":{"line":39,"column":46}},"9":{"start":{"line":41,"column":31},"end":{"line":54,"column":9}},"10":{"start":{"line":55,"column":8},"end":{"line":55,"column":69}},"11":{"start":{"line":55,"column":54},"end":{"line":55,"column":67}}},"fnMap":{"0":{"name":"(anonymous_0)","decl":{"start":{"line":15,"column":4},"end":{"line":15,"column":5}},"loc":{"start":{"line":15,"column":66},"end":{"line":18,"column":5}},"line":15},"1":{"name":"(anonymous_1)","decl":{"start":{"line":20,"column":10},"end":{"line":20,"column":11}},"loc":{"start":{"line":21,"column":8},"end":{"line":21,"column":77}},"line":21},"2":{"name":"(anonymous_2)","decl":{"start":{"line":22,"column":11},"end":{"line":22,"column":12}},"loc":{"start":{"line":23,"column":8},"end":{"line":23,"column":78}},"line":23},"3":{"name":"(anonymous_3)","decl":{"start":{"line":24,"column":10},"end":{"line":24,"column":11}},"loc":{"start":{"line":25,"column":8},"end":{"line":25,"column":77}},"line":25},"4":{"name":"(anonymous_4)","decl":{"start":{"line":26,"column":12},"end":{"line":26,"column":13}},"loc":{"start":{"line":27,"column":8},"end":{"line":27,"column":79}},"line":27},"5":{"name":"(anonymous_5)","decl":{"start":{"line":28,"column":13},"end":{"line":28,"column":14}},"loc":{"start":{"line":29,"column":8},"end":{"line":29,"column":80}},"line":29},"6":{"name":"(anonymous_6)","decl":{"start":{"line":31,"column":4},"end":{"line":31,"column":5}},"loc":{"start":{"line":37,"column":30},"end":{"line":56,"column":5}},"line":37},"7":{"name":"(anonymous_7)","decl":{"start":{"line":55,"column":42},"end":{"line":55,"column":43}},"loc":{"start":{"line":55,"column":54},"end":{"line":55,"column":67}},"line":55}},"branchMap":{"0":{"loc":{"start":{"line":15,"column":16},"end":{"line":15,"column":35}},"type":"default-arg","locations":[{"start":{"line":15,"column":33},"end":{"line":15,"column":35}}],"line":15},"1":{"loc":{"start":{"line":15,"column":37},"end":{"line":15,"column":64}},"type":"default-arg","locations":[{"start":{"line":15,"column":62},"end":{"line":15,"column":64}}],"line":15},"2":{"loc":{"start":{"line":20,"column":46},"end":{"line":20,"column":66}},"type":"default-arg","locations":[{"start":{"line":20,"column":64},"end":{"line":20,"column":66}}],"line":20},"3":{"loc":{"start":{"line":22,"column":62},"end":{"line":22,"column":82}},"type":"default-arg","locations":[{"start":{"line":22,"column":80},"end":{"line":22,"column":82}}],"line":22},"4":{"loc":{"start":{"line":24,"column":61},"end":{"line":24,"column":81}},"type":"default-arg","locations":[{"start":{"line":24,"column":79},"end":{"line":24,"column":81}}],"line":24},"5":{"loc":{"start":{"line":26,"column":63},"end":{"line":26,"column":83}},"type":"default-arg","locations":[{"start":{"line":26,"column":81},"end":{"line":26,"column":83}}],"line":26},"6":{"loc":{"start":{"line":28,"column":49},"end":{"line":28,"column":69}},"type":"default-arg","locations":[{"start":{"line":28,"column":67},"end":{"line":28,"column":69}}],"line":28},"7":{"loc":{"start":{"line":36,"column":8},"end":{"line":36,"column":28}},"type":"default-arg","locations":[{"start":{"line":36,"column":26},"end":{"line":36,"column":28}}],"line":36},"8":{"loc":{"start":{"line":37,"column":8},"end":{"line":37,"column":28}},"type":"default-arg","locations":[{"start":{"line":37,"column":26},"end":{"line":37,"column":28}}],"line":37},"9":{"loc":{"start":{"line":52,"column":18},"end":{"line":52,"column":50}},"type":"cond-expr","locations":[{"start":{"line":52,"column":25},"end":{"line":52,"column":45}},{"start":{"line":52,"column":48},"end":{"line":52,"column":50}}],"line":52}},"s":{"0":3,"1":0,"2":0,"3":0,"4":0,"5":0,"6":0,"7":0,"8":0,"9":0,"10":0,"11":0},"f":{"0":0,"1":0,"2":0,"3":0,"4":0,"5":0,"6":0,"7":0},"b":{"0":[0],"1":[0],"2":[0],"3":[0],"4":[0],"5":[0],"6":[0],"7":[0],"8":[0],"9":[0,0]},"_coverageSchema":"332fd63041d2c1bcb487cc26dd0d5f7d97098a6c","hash":"c64697c2905aaea882330dbb7f75bdf39cadc0b5"}
,"/home/alexcoach/projects/photolocations/app/core/services/Model.js": {"path":"/home/alexcoach/projects/photolocations/app/core/services/Model.js","statementMap":{"0":{"start":{"line":3,"column":8},"end":{"line":3,"column":34}}},"fnMap":{"0":{"name":"(anonymous_0)","decl":{"start":{"line":2,"column":4},"end":{"line":2,"column":5}},"loc":{"start":{"line":2,"column":30},"end":{"line":4,"column":5}},"line":2}},"branchMap":{},"s":{"0":1},"f":{"0":1},"b":{},"_coverageSchema":"332fd63041d2c1bcb487cc26dd0d5f7d97098a6c","hash":"afb0a44444027135fa15210303a5350709fc7ca6"}
,"/home/alexcoach/projects/photolocations/app/core/services/index.js": {"path":"/home/alexcoach/projects/photolocations/app/core/services/index.js","statementMap":{},"fnMap":{},"branchMap":{},"s":{},"f":{},"b":{},"_coverageSchema":"332fd63041d2c1bcb487cc26dd0d5f7d97098a6c","hash":"031e36135b69b9ee34cf14a62967369c811c9289"}
,"/home/alexcoach/projects/photolocations/app/core/services/Navigation/index.js": {"path":"/home/alexcoach/projects/photolocations/app/core/services/Navigation/index.js","statementMap":{"0":{"start":{"line":8,"column":27},"end":{"line":18,"column":1}},"1":{"start":{"line":10,"column":8},"end":{"line":10,"column":35}},"2":{"start":{"line":11,"column":8},"end":{"line":11,"column":37}},"3":{"start":{"line":12,"column":8},"end":{"line":12,"column":39}},"4":{"start":{"line":13,"column":8},"end":{"line":13,"column":43}},"5":{"start":{"line":14,"column":8},"end":{"line":14,"column":45}},"6":{"start":{"line":15,"column":8},"end":{"line":15,"column":43}},"7":{"start":{"line":16,"column":8},"end":{"line":16,"column":59}},"8":{"start":{"line":16,"column":36},"end":{"line":16,"column":58}},"9":{"start":{"line":20,"column":0},"end":{"line":33,"column":2}},"10":{"start":{"line":21,"column":24},"end":{"line":21,"column":82}},"11":{"start":{"line":21,"column":56},"end":{"line":21,"column":81}},"12":{"start":{"line":22,"column":4},"end":{"line":24,"column":5}},"13":{"start":{"line":23,"column":8},"end":{"line":23,"column":59}},"14":{"start":{"line":25,"column":24},"end":{"line":25,"column":45}},"15":{"start":{"line":26,"column":4},"end":{"line":32,"column":5}},"16":{"start":{"line":27,"column":8},"end":{"line":31,"column":12}}},"fnMap":{"0":{"name":"(anonymous_0)","decl":{"start":{"line":9,"column":10},"end":{"line":9,"column":11}},"loc":{"start":{"line":9,"column":74},"end":{"line":17,"column":5}},"line":9},"1":{"name":"(anonymous_1)","decl":{"start":{"line":16,"column":30},"end":{"line":16,"column":31}},"loc":{"start":{"line":16,"column":36},"end":{"line":16,"column":58}},"line":16},"2":{"name":"(anonymous_2)","decl":{"start":{"line":20,"column":19},"end":{"line":20,"column":20}},"loc":{"start":{"line":20,"column":64},"end":{"line":33,"column":1}},"line":20},"3":{"name":"(anonymous_3)","decl":{"start":{"line":21,"column":47},"end":{"line":21,"column":48}},"loc":{"start":{"line":21,"column":56},"end":{"line":21,"column":81}},"line":21}},"branchMap":{"0":{"loc":{"start":{"line":20,"column":40},"end":{"line":20,"column":59}},"type":"default-arg","locations":[{"start":{"line":20,"column":57},"end":{"line":20,"column":59}}],"line":20},"1":{"loc":{"start":{"line":22,"column":4},"end":{"line":24,"column":5}},"type":"if","locations":[{"start":{"line":22,"column":4},"end":{"line":24,"column":5}},{"start":{"line":22,"column":4},"end":{"line":24,"column":5}}],"line":22},"2":{"loc":{"start":{"line":26,"column":4},"end":{"line":32,"column":5}},"type":"if","locations":[{"start":{"line":26,"column":4},"end":{"line":32,"column":5}},{"start":{"line":26,"column":4},"end":{"line":32,"column":5}}],"line":26}},"s":{"0":3,"1":0,"2":0,"3":0,"4":0,"5":0,"6":0,"7":0,"8":0,"9":3,"10":0,"11":0,"12":0,"13":0,"14":0,"15":0,"16":0},"f":{"0":0,"1":0,"2":0,"3":0},"b":{"0":[0],"1":[0,0],"2":[0,0]},"_coverageSchema":"332fd63041d2c1bcb487cc26dd0d5f7d97098a6c","hash":"30f7104d80b2168683a735d1ca28b7726cd3f52b"}
,"/home/alexcoach/projects/photolocations/app/core/services/Navigation/backHandler/index.js": {"path":"/home/alexcoach/projects/photolocations/app/core/services/Navigation/backHandler/index.js","statementMap":{},"fnMap":{},"branchMap":{},"s":{},"f":{},"b":{},"_coverageSchema":"332fd63041d2c1bcb487cc26dd0d5f7d97098a6c","hash":"50158cb30d00756914057bd597084bf2d1e99330"}
,"/home/alexcoach/projects/photolocations/app/data/models/Location.js": {"path":"/home/alexcoach/projects/photolocations/app/data/models/Location.js","statementMap":{"0":{"start":{"line":7,"column":8},"end":{"line":7,"column":20}},"1":{"start":{"line":8,"column":8},"end":{"line":8,"column":43}},"2":{"start":{"line":9,"column":8},"end":{"line":9,"column":38}}},"fnMap":{"0":{"name":"(anonymous_0)","decl":{"start":{"line":6,"column":4},"end":{"line":6,"column":5}},"loc":{"start":{"line":6,"column":30},"end":{"line":10,"column":5}},"line":6}},"branchMap":{"0":{"loc":{"start":{"line":9,"column":21},"end":{"line":9,"column":37}},"type":"binary-expr","locations":[{"start":{"line":9,"column":21},"end":{"line":9,"column":31}},{"start":{"line":9,"column":35},"end":{"line":9,"column":37}}],"line":9}},"s":{"0":0,"1":0,"2":0},"f":{"0":0},"b":{"0":[0,0]},"_coverageSchema":"332fd63041d2c1bcb487cc26dd0d5f7d97098a6c","hash":"5240404610602145084072cae396e5429f4c2934"}
,"/home/alexcoach/projects/photolocations/app/modules/locations/actions/LocationDetails.js": {"path":"/home/alexcoach/projects/photolocations/app/modules/locations/actions/LocationDetails.js","statementMap":{"0":{"start":{"line":2,"column":36},"end":{"line":2,"column":58}},"1":{"start":{"line":3,"column":37},"end":{"line":3,"column":60}},"2":{"start":{"line":4,"column":38},"end":{"line":4,"column":62}},"3":{"start":{"line":8,"column":34},"end":{"line":13,"column":1}},"4":{"start":{"line":9,"column":4},"end":{"line":12,"column":6}},"5":{"start":{"line":15,"column":35},"end":{"line":18,"column":2}},"6":{"start":{"line":15,"column":60},"end":{"line":18,"column":1}}},"fnMap":{"0":{"name":"(anonymous_0)","decl":{"start":{"line":8,"column":34},"end":{"line":8,"column":35}},"loc":{"start":{"line":8,"column":58},"end":{"line":13,"column":1}},"line":8},"1":{"name":"(anonymous_1)","decl":{"start":{"line":15,"column":35},"end":{"line":15,"column":36}},"loc":{"start":{"line":15,"column":60},"end":{"line":18,"column":1}},"line":15}},"branchMap":{},"s":{"0":1,"1":1,"2":1,"3":1,"4":0,"5":1,"6":0},"f":{"0":0,"1":0},"b":{},"_coverageSchema":"332fd63041d2c1bcb487cc26dd0d5f7d97098a6c","hash":"0478478235d3ff3a1b4a8bc8dabe678173375bc9"}
,"/home/alexcoach/projects/photolocations/app/modules/locations/actions/LocationsList.js": {"path":"/home/alexcoach/projects/photolocations/app/modules/locations/actions/LocationsList.js","statementMap":{"0":{"start":{"line":1,"column":34},"end":{"line":1,"column":54}},"1":{"start":{"line":2,"column":42},"end":{"line":2,"column":70}},"2":{"start":{"line":3,"column":40},"end":{"line":3,"column":66}},"3":{"start":{"line":4,"column":35},"end":{"line":4,"column":56}},"4":{"start":{"line":5,"column":43},"end":{"line":5,"column":72}},"5":{"start":{"line":6,"column":41},"end":{"line":6,"column":68}},"6":{"start":{"line":8,"column":32},"end":{"line":10,"column":2}},"7":{"start":{"line":8,"column":39},"end":{"line":10,"column":1}}},"fnMap":{"0":{"name":"(anonymous_0)","decl":{"start":{"line":8,"column":32},"end":{"line":8,"column":33}},"loc":{"start":{"line":8,"column":39},"end":{"line":10,"column":1}},"line":8}},"branchMap":{},"s":{"0":1,"1":1,"2":1,"3":1,"4":1,"5":1,"6":1,"7":0},"f":{"0":0},"b":{},"_coverageSchema":"332fd63041d2c1bcb487cc26dd0d5f7d97098a6c","hash":"82f76d840797b7f6edc0699b7de018f004ff7310"}
,"/home/alexcoach/projects/photolocations/app/modules/locations/components/List.js": {"path":"/home/alexcoach/projects/photolocations/app/modules/locations/components/List.js","statementMap":{"0":{"start":{"line":18,"column":37},"end":{"line":20,"column":5}},"1":{"start":{"line":19,"column":8},"end":{"line":19,"column":59}},"2":{"start":{"line":24,"column":12},"end":{"line":24,"column":22}},"3":{"start":{"line":25,"column":8},"end":{"line":25,"column":76}},"4":{"start":{"line":31,"column":12},"end":{"line":31,"column":22}},"5":{"start":{"line":32,"column":26},"end":{"line":32,"column":36}},"6":{"start":{"line":33,"column":8},"end":{"line":34,"column":100}},"7":{"start":{"line":34,"column":12},"end":{"line":34,"column":98}},"8":{"start":{"line":35,"column":8},"end":{"line":35,"column":27}},"9":{"start":{"line":38,"column":8},"end":{"line":56,"column":19}},"10":{"start":{"line":59,"column":49},"end":{"line":59,"column":59}},"11":{"start":{"line":60,"column":8},"end":{"line":62,"column":9}},"12":{"start":{"line":61,"column":12},"end":{"line":61,"column":58}},"13":{"start":{"line":63,"column":8},"end":{"line":68,"column":10}},"14":{"start":{"line":72,"column":33},"end":{"line":75,"column":1}},"15":{"start":{"line":77,"column":15},"end":{"line":82,"column":2}}},"fnMap":{"0":{"name":"(anonymous_0)","decl":{"start":{"line":18,"column":23},"end":{"line":18,"column":24}},"loc":{"start":{"line":18,"column":37},"end":{"line":20,"column":5}},"line":18},"1":{"name":"(anonymous_1)","decl":{"start":{"line":18,"column":37},"end":{"line":18,"column":38}},"loc":{"start":{"line":18,"column":43},"end":{"line":20,"column":5}},"line":18},"2":{"name":"(anonymous_2)","decl":{"start":{"line":21,"column":18},"end":{"line":21,"column":19}},"loc":{"start":{"line":21,"column":38},"end":{"line":26,"column":5}},"line":21},"3":{"name":"(anonymous_3)","decl":{"start":{"line":27,"column":21},"end":{"line":27,"column":22}},"loc":{"start":{"line":27,"column":27},"end":{"line":36,"column":5}},"line":27},"4":{"name":"(anonymous_4)","decl":{"start":{"line":33,"column":25},"end":{"line":33,"column":26}},"loc":{"start":{"line":34,"column":12},"end":{"line":34,"column":98}},"line":34},"5":{"name":"(anonymous_5)","decl":{"start":{"line":37,"column":17},"end":{"line":37,"column":18}},"loc":{"start":{"line":38,"column":8},"end":{"line":56,"column":19}},"line":38},"6":{"name":"(anonymous_6)","decl":{"start":{"line":58,"column":4},"end":{"line":58,"column":5}},"loc":{"start":{"line":58,"column":13},"end":{"line":69,"column":5}},"line":58},"7":{"name":"(anonymous_7)","decl":{"start":{"line":72,"column":23},"end":{"line":72,"column":24}},"loc":{"start":{"line":72,"column":33},"end":{"line":75,"column":1}},"line":72}},"branchMap":{"0":{"loc":{"start":{"line":34,"column":12},"end":{"line":34,"column":98}},"type":"cond-expr","locations":[{"start":{"line":34,"column":92},"end":{"line":34,"column":94}},{"start":{"line":34,"column":97},"end":{"line":34,"column":98}}],"line":34},"1":{"loc":{"start":{"line":60,"column":8},"end":{"line":62,"column":9}},"type":"if","locations":[{"start":{"line":60,"column":8},"end":{"line":62,"column":9}},{"start":{"line":60,"column":8},"end":{"line":62,"column":9}}],"line":60}},"s":{"0":0,"1":0,"2":0,"3":0,"4":0,"5":0,"6":0,"7":0,"8":0,"9":0,"10":0,"11":0,"12":0,"13":0,"14":0,"15":1},"f":{"0":0,"1":0,"2":0,"3":0,"4":0,"5":0,"6":0,"7":0},"b":{"0":[0,0],"1":[0,0]},"_coverageSchema":"332fd63041d2c1bcb487cc26dd0d5f7d97098a6c","hash":"67ef76ef408b7afe40f425f9097645ba97e48ca6"}
,"/home/alexcoach/projects/photolocations/app/modules/locations/components/LocationDetails.js": {"path":"/home/alexcoach/projects/photolocations/app/modules/locations/components/LocationDetails.js","statementMap":{"0":{"start":{"line":22,"column":8},"end":{"line":22,"column":59}},"1":{"start":{"line":24,"column":41},"end":{"line":30,"column":5}},"2":{"start":{"line":25,"column":29},"end":{"line":25,"column":39}},"3":{"start":{"line":26,"column":8},"end":{"line":29,"column":11}},"4":{"start":{"line":32,"column":29},"end":{"line":32,"column":39}},"5":{"start":{"line":33,"column":22},"end":{"line":33,"column":41}},"6":{"start":{"line":34,"column":8},"end":{"line":34,"column":56}},"7":{"start":{"line":35,"column":8},"end":{"line":38,"column":11}},"8":{"start":{"line":41,"column":25},"end":{"line":41,"column":44}},"9":{"start":{"line":42,"column":8},"end":{"line":50,"column":10}},"10":{"start":{"line":53,"column":29},"end":{"line":53,"column":39}},"11":{"start":{"line":54,"column":8},"end":{"line":60,"column":9}},"12":{"start":{"line":55,"column":12},"end":{"line":59,"column":14}},"13":{"start":{"line":61,"column":20},"end":{"line":61,"column":39}},"14":{"start":{"line":62,"column":8},"end":{"line":62,"column":59}},"15":{"start":{"line":62,"column":30},"end":{"line":62,"column":56}},"16":{"start":{"line":63,"column":8},"end":{"line":68,"column":10}},"17":{"start":{"line":71,"column":29},"end":{"line":71,"column":39}},"18":{"start":{"line":72,"column":8},"end":{"line":95,"column":10}},"19":{"start":{"line":80,"column":43},"end":{"line":80,"column":50}},"20":{"start":{"line":89,"column":43},"end":{"line":89,"column":50}},"21":{"start":{"line":98,"column":8},"end":{"line":109,"column":15}},"22":{"start":{"line":104,"column":35},"end":{"line":104,"column":42}},"23":{"start":{"line":112,"column":8},"end":{"line":129,"column":10}},"24":{"start":{"line":133,"column":33},"end":{"line":135,"column":1}},"25":{"start":{"line":137,"column":15},"end":{"line":176,"column":2}}},"fnMap":{"0":{"name":"(anonymous_0)","decl":{"start":{"line":21,"column":21},"end":{"line":21,"column":22}},"loc":{"start":{"line":21,"column":35},"end":{"line":23,"column":5}},"line":21},"1":{"name":"(anonymous_1)","decl":{"start":{"line":24,"column":29},"end":{"line":24,"column":30}},"loc":{"start":{"line":24,"column":41},"end":{"line":30,"column":5}},"line":24},"2":{"name":"(anonymous_2)","decl":{"start":{"line":24,"column":41},"end":{"line":24,"column":42}},"loc":{"start":{"line":24,"column":53},"end":{"line":30,"column":5}},"line":24},"3":{"name":"(anonymous_3)","decl":{"start":{"line":31,"column":14},"end":{"line":31,"column":15}},"loc":{"start":{"line":31,"column":27},"end":{"line":39,"column":5}},"line":31},"4":{"name":"(anonymous_4)","decl":{"start":{"line":40,"column":17},"end":{"line":40,"column":18}},"loc":{"start":{"line":40,"column":27},"end":{"line":51,"column":5}},"line":40},"5":{"name":"(anonymous_5)","decl":{"start":{"line":52,"column":22},"end":{"line":52,"column":23}},"loc":{"start":{"line":52,"column":28},"end":{"line":69,"column":5}},"line":52},"6":{"name":"(anonymous_6)","decl":{"start":{"line":62,"column":19},"end":{"line":62,"column":20}},"loc":{"start":{"line":62,"column":30},"end":{"line":62,"column":56}},"line":62},"7":{"name":"(anonymous_7)","decl":{"start":{"line":70,"column":24},"end":{"line":70,"column":25}},"loc":{"start":{"line":70,"column":30},"end":{"line":96,"column":5}},"line":70},"8":{"name":"(anonymous_8)","decl":{"start":{"line":80,"column":34},"end":{"line":80,"column":35}},"loc":{"start":{"line":80,"column":43},"end":{"line":80,"column":50}},"line":80},"9":{"name":"(anonymous_9)","decl":{"start":{"line":89,"column":34},"end":{"line":89,"column":35}},"loc":{"start":{"line":89,"column":43},"end":{"line":89,"column":50}},"line":89},"10":{"name":"(anonymous_10)","decl":{"start":{"line":97,"column":21},"end":{"line":97,"column":22}},"loc":{"start":{"line":98,"column":8},"end":{"line":109,"column":15}},"line":98},"11":{"name":"(anonymous_11)","decl":{"start":{"line":104,"column":26},"end":{"line":104,"column":27}},"loc":{"start":{"line":104,"column":35},"end":{"line":104,"column":42}},"line":104},"12":{"name":"(anonymous_12)","decl":{"start":{"line":111,"column":4},"end":{"line":111,"column":5}},"loc":{"start":{"line":111,"column":13},"end":{"line":130,"column":5}},"line":111},"13":{"name":"(anonymous_13)","decl":{"start":{"line":133,"column":23},"end":{"line":133,"column":24}},"loc":{"start":{"line":133,"column":33},"end":{"line":135,"column":1}},"line":133}},"branchMap":{"0":{"loc":{"start":{"line":54,"column":8},"end":{"line":60,"column":9}},"type":"if","locations":[{"start":{"line":54,"column":8},"end":{"line":60,"column":9}},{"start":{"line":54,"column":8},"end":{"line":60,"column":9}}],"line":54},"1":{"loc":{"start":{"line":62,"column":30},"end":{"line":62,"column":56}},"type":"cond-expr","locations":[{"start":{"line":62,"column":50},"end":{"line":62,"column":52}},{"start":{"line":62,"column":55},"end":{"line":62,"column":56}}],"line":62}},"s":{"0":0,"1":0,"2":0,"3":0,"4":0,"5":0,"6":0,"7":0,"8":0,"9":0,"10":0,"11":0,"12":0,"13":0,"14":0,"15":0,"16":0,"17":0,"18":0,"19":0,"20":0,"21":0,"22":0,"23":0,"24":0,"25":1},"f":{"0":0,"1":0,"2":0,"3":0,"4":0,"5":0,"6":0,"7":0,"8":0,"9":0,"10":0,"11":0,"12":0,"13":0},"b":{"0":[0,0],"1":[0,0]},"_coverageSchema":"332fd63041d2c1bcb487cc26dd0d5f7d97098a6c","hash":"f7c6f4aba9caa6c6fa802b7ec4009efb3a7407a4"}
,"/home/alexcoach/projects/photolocations/app/modules/locations/components/Map.js": {"path":"/home/alexcoach/projects/photolocations/app/modules/locations/components/Map.js","statementMap":{"0":{"start":{"line":39,"column":12},"end":{"line":39,"column":22}},"1":{"start":{"line":40,"column":8},"end":{"line":44,"column":9}},"2":{"start":{"line":41,"column":12},"end":{"line":43,"column":15}},"3":{"start":{"line":45,"column":8},"end":{"line":47,"column":9}},"4":{"start":{"line":46,"column":12},"end":{"line":46,"column":42}},"5":{"start":{"line":50,"column":45},"end":{"line":50,"column":55}},"6":{"start":{"line":51,"column":8},"end":{"line":53,"column":9}},"7":{"start":{"line":52,"column":12},"end":{"line":52,"column":42}},"8":{"start":{"line":59,"column":12},"end":{"line":59,"column":22}},"9":{"start":{"line":66,"column":12},"end":{"line":66,"column":21}},"10":{"start":{"line":67,"column":8},"end":{"line":71,"column":9}},"11":{"start":{"line":68,"column":12},"end":{"line":70,"column":15}},"12":{"start":{"line":72,"column":8},"end":{"line":74,"column":9}},"13":{"start":{"line":73,"column":12},"end":{"line":73,"column":46}},"14":{"start":{"line":77,"column":8},"end":{"line":81,"column":9}},"15":{"start":{"line":78,"column":12},"end":{"line":80,"column":15}},"16":{"start":{"line":83,"column":43},"end":{"line":86,"column":5}},"17":{"start":{"line":84,"column":8},"end":{"line":84,"column":32}},"18":{"start":{"line":85,"column":8},"end":{"line":85,"column":59}},"19":{"start":{"line":90,"column":12},"end":{"line":90,"column":22}},"20":{"start":{"line":91,"column":8},"end":{"line":91,"column":76}},"21":{"start":{"line":94,"column":8},"end":{"line":96,"column":9}},"22":{"start":{"line":95,"column":12},"end":{"line":95,"column":30}},"23":{"start":{"line":100,"column":8},"end":{"line":102,"column":11}},"24":{"start":{"line":105,"column":8},"end":{"line":111,"column":11}},"25":{"start":{"line":112,"column":8},"end":{"line":114,"column":11}},"26":{"start":{"line":117,"column":8},"end":{"line":119,"column":11}},"27":{"start":{"line":122,"column":8},"end":{"line":127,"column":16}},"28":{"start":{"line":123,"column":12},"end":{"line":126,"column":15}},"29":{"start":{"line":130,"column":8},"end":{"line":132,"column":11}},"30":{"start":{"line":135,"column":8},"end":{"line":137,"column":9}},"31":{"start":{"line":136,"column":12},"end":{"line":136,"column":24}},"32":{"start":{"line":138,"column":8},"end":{"line":146,"column":10}},"33":{"start":{"line":149,"column":8},"end":{"line":151,"column":9}},"34":{"start":{"line":150,"column":12},"end":{"line":150,"column":24}},"35":{"start":{"line":152,"column":8},"end":{"line":161,"column":10}},"36":{"start":{"line":164,"column":8},"end":{"line":166,"column":9}},"37":{"start":{"line":165,"column":12},"end":{"line":165,"column":24}},"38":{"start":{"line":167,"column":8},"end":{"line":175,"column":10}},"39":{"start":{"line":178,"column":8},"end":{"line":191,"column":15}},"40":{"start":{"line":194,"column":8},"end":{"line":200,"column":10}},"41":{"start":{"line":203,"column":45},"end":{"line":203,"column":55}},"42":{"start":{"line":204,"column":8},"end":{"line":206,"column":9}},"43":{"start":{"line":205,"column":12},"end":{"line":205,"column":24}},"44":{"start":{"line":207,"column":8},"end":{"line":211,"column":10}},"45":{"start":{"line":214,"column":32},"end":{"line":214,"column":42}},"46":{"start":{"line":215,"column":8},"end":{"line":217,"column":9}},"47":{"start":{"line":216,"column":12},"end":{"line":216,"column":24}},"48":{"start":{"line":218,"column":8},"end":{"line":225,"column":10}},"49":{"start":{"line":228,"column":34},"end":{"line":228,"column":44}},"50":{"start":{"line":229,"column":8},"end":{"line":231,"column":9}},"51":{"start":{"line":230,"column":12},"end":{"line":230,"column":24}},"52":{"start":{"line":232,"column":8},"end":{"line":232,"column":76}},"53":{"start":{"line":235,"column":34},"end":{"line":235,"column":44}},"54":{"start":{"line":236,"column":8},"end":{"line":238,"column":9}},"55":{"start":{"line":237,"column":12},"end":{"line":237,"column":24}},"56":{"start":{"line":239,"column":8},"end":{"line":246,"column":10}},"57":{"start":{"line":249,"column":8},"end":{"line":267,"column":10}},"58":{"start":{"line":271,"column":33},"end":{"line":274,"column":1}},"59":{"start":{"line":276,"column":15},"end":{"line":312,"column":2}},"60":{"start":{"line":314,"column":23},"end":{"line":319,"column":1}}},"fnMap":{"0":{"name":"(anonymous_0)","decl":{"start":{"line":35,"column":4},"end":{"line":35,"column":5}},"loc":{"start":{"line":35,"column":25},"end":{"line":48,"column":5}},"line":35},"1":{"name":"(anonymous_1)","decl":{"start":{"line":49,"column":4},"end":{"line":49,"column":5}},"loc":{"start":{"line":49,"column":24},"end":{"line":54,"column":5}},"line":49},"2":{"name":"(anonymous_2)","decl":{"start":{"line":55,"column":4},"end":{"line":55,"column":5}},"loc":{"start":{"line":55,"column":41},"end":{"line":75,"column":5}},"line":55},"3":{"name":"(anonymous_3)","decl":{"start":{"line":76,"column":15},"end":{"line":76,"column":16}},"loc":{"start":{"line":76,"column":22},"end":{"line":82,"column":5}},"line":76},"4":{"name":"(anonymous_4)","decl":{"start":{"line":83,"column":19},"end":{"line":83,"column":20}},"loc":{"start":{"line":83,"column":43},"end":{"line":86,"column":5}},"line":83},"5":{"name":"(anonymous_5)","decl":{"start":{"line":83,"column":43},"end":{"line":83,"column":44}},"loc":{"start":{"line":83,"column":58},"end":{"line":86,"column":5}},"line":83},"6":{"name":"(anonymous_6)","decl":{"start":{"line":87,"column":18},"end":{"line":87,"column":19}},"loc":{"start":{"line":87,"column":38},"end":{"line":92,"column":5}},"line":87},"7":{"name":"(anonymous_7)","decl":{"start":{"line":93,"column":16},"end":{"line":93,"column":17}},"loc":{"start":{"line":93,"column":30},"end":{"line":97,"column":5}},"line":93},"8":{"name":"(anonymous_8)","decl":{"start":{"line":99,"column":21},"end":{"line":99,"column":22}},"loc":{"start":{"line":99,"column":27},"end":{"line":103,"column":5}},"line":99},"9":{"name":"(anonymous_9)","decl":{"start":{"line":104,"column":22},"end":{"line":104,"column":23}},"loc":{"start":{"line":104,"column":28},"end":{"line":115,"column":5}},"line":104},"10":{"name":"(anonymous_10)","decl":{"start":{"line":116,"column":24},"end":{"line":116,"column":25}},"loc":{"start":{"line":116,"column":30},"end":{"line":120,"column":5}},"line":116},"11":{"name":"(anonymous_11)","decl":{"start":{"line":121,"column":24},"end":{"line":121,"column":25}},"loc":{"start":{"line":121,"column":39},"end":{"line":128,"column":5}},"line":121},"12":{"name":"(anonymous_12)","decl":{"start":{"line":122,"column":19},"end":{"line":122,"column":20}},"loc":{"start":{"line":122,"column":25},"end":{"line":127,"column":9}},"line":122},"13":{"name":"(anonymous_13)","decl":{"start":{"line":129,"column":24},"end":{"line":129,"column":25}},"loc":{"start":{"line":129,"column":31},"end":{"line":133,"column":5}},"line":129},"14":{"name":"(anonymous_14)","decl":{"start":{"line":134,"column":36},"end":{"line":134,"column":37}},"loc":{"start":{"line":134,"column":42},"end":{"line":147,"column":5}},"line":134},"15":{"name":"(anonymous_15)","decl":{"start":{"line":148,"column":34},"end":{"line":148,"column":35}},"loc":{"start":{"line":148,"column":40},"end":{"line":162,"column":5}},"line":148},"16":{"name":"(anonymous_16)","decl":{"start":{"line":163,"column":30},"end":{"line":163,"column":31}},"loc":{"start":{"line":163,"column":36},"end":{"line":176,"column":5}},"line":163},"17":{"name":"(anonymous_17)","decl":{"start":{"line":177,"column":26},"end":{"line":177,"column":27}},"loc":{"start":{"line":178,"column":8},"end":{"line":191,"column":15}},"line":178},"18":{"name":"(anonymous_18)","decl":{"start":{"line":193,"column":19},"end":{"line":193,"column":20}},"loc":{"start":{"line":194,"column":8},"end":{"line":200,"column":10}},"line":194},"19":{"name":"(anonymous_19)","decl":{"start":{"line":202,"column":20},"end":{"line":202,"column":21}},"loc":{"start":{"line":202,"column":26},"end":{"line":212,"column":5}},"line":202},"20":{"name":"(anonymous_20)","decl":{"start":{"line":213,"column":30},"end":{"line":213,"column":31}},"loc":{"start":{"line":213,"column":36},"end":{"line":226,"column":5}},"line":213},"21":{"name":"(anonymous_21)","decl":{"start":{"line":227,"column":30},"end":{"line":227,"column":31}},"loc":{"start":{"line":227,"column":36},"end":{"line":233,"column":5}},"line":227},"22":{"name":"(anonymous_22)","decl":{"start":{"line":234,"column":31},"end":{"line":234,"column":32}},"loc":{"start":{"line":234,"column":37},"end":{"line":247,"column":5}},"line":234},"23":{"name":"(anonymous_23)","decl":{"start":{"line":248,"column":4},"end":{"line":248,"column":5}},"loc":{"start":{"line":248,"column":13},"end":{"line":268,"column":5}},"line":248},"24":{"name":"(anonymous_24)","decl":{"start":{"line":271,"column":23},"end":{"line":271,"column":24}},"loc":{"start":{"line":271,"column":33},"end":{"line":274,"column":1}},"line":271}},"branchMap":{"0":{"loc":{"start":{"line":40,"column":8},"end":{"line":44,"column":9}},"type":"if","locations":[{"start":{"line":40,"column":8},"end":{"line":44,"column":9}},{"start":{"line":40,"column":8},"end":{"line":44,"column":9}}],"line":40},"1":{"loc":{"start":{"line":45,"column":8},"end":{"line":47,"column":9}},"type":"if","locations":[{"start":{"line":45,"column":8},"end":{"line":47,"column":9}},{"start":{"line":45,"column":8},"end":{"line":47,"column":9}}],"line":45},"2":{"loc":{"start":{"line":51,"column":8},"end":{"line":53,"column":9}},"type":"if","locations":[{"start":{"line":51,"column":8},"end":{"line":53,"column":9}},{"start":{"line":51,"column":8},"end":{"line":53,"column":9}}],"line":51},"3":{"loc":{"start":{"line":67,"column":8},"end":{"line":71,"column":9}},"type":"if","locations":[{"start":{"line":67,"column":8},"end":{"line":71,"column":9}},{"start":{"line":67,"column":8},"end":{"line":71,"column":9}}],"line":67},"4":{"loc":{"start":{"line":67,"column":12},"end":{"line":67,"column":41}},"type":"binary-expr","locations":[{"start":{"line":67,"column":12},"end":{"line":67,"column":23}},{"start":{"line":67,"column":27},"end":{"line":67,"column":41}}],"line":67},"5":{"loc":{"start":{"line":72,"column":8},"end":{"line":74,"column":9}},"type":"if","locations":[{"start":{"line":72,"column":8},"end":{"line":74,"column":9}},{"start":{"line":72,"column":8},"end":{"line":74,"column":9}}],"line":72},"6":{"loc":{"start":{"line":72,"column":12},"end":{"line":72,"column":73}},"type":"binary-expr","locations":[{"start":{"line":72,"column":12},"end":{"line":72,"column":23}},{"start":{"line":72,"column":27},"end":{"line":72,"column":53}},{"start":{"line":72,"column":57},"end":{"line":72,"column":73}}],"line":72},"7":{"loc":{"start":{"line":77,"column":8},"end":{"line":81,"column":9}},"type":"if","locations":[{"start":{"line":77,"column":8},"end":{"line":81,"column":9}},{"start":{"line":77,"column":8},"end":{"line":81,"column":9}}],"line":77},"8":{"loc":{"start":{"line":94,"column":8},"end":{"line":96,"column":9}},"type":"if","locations":[{"start":{"line":94,"column":8},"end":{"line":96,"column":9}},{"start":{"line":94,"column":8},"end":{"line":96,"column":9}}],"line":94},"9":{"loc":{"start":{"line":135,"column":8},"end":{"line":137,"column":9}},"type":"if","locations":[{"start":{"line":135,"column":8},"end":{"line":137,"column":9}},{"start":{"line":135,"column":8},"end":{"line":137,"column":9}}],"line":135},"10":{"loc":{"start":{"line":149,"column":8},"end":{"line":151,"column":9}},"type":"if","locations":[{"start":{"line":149,"column":8},"end":{"line":151,"column":9}},{"start":{"line":149,"column":8},"end":{"line":151,"column":9}}],"line":149},"11":{"loc":{"start":{"line":164,"column":8},"end":{"line":166,"column":9}},"type":"if","locations":[{"start":{"line":164,"column":8},"end":{"line":166,"column":9}},{"start":{"line":164,"column":8},"end":{"line":166,"column":9}}],"line":164},"12":{"loc":{"start":{"line":198,"column":21},"end":{"line":198,"column":53}},"type":"cond-expr","locations":[{"start":{"line":198,"column":46},"end":{"line":198,"column":49}},{"start":{"line":198,"column":52},"end":{"line":198,"column":53}}],"line":198},"13":{"loc":{"start":{"line":204,"column":8},"end":{"line":206,"column":9}},"type":"if","locations":[{"start":{"line":204,"column":8},"end":{"line":206,"column":9}},{"start":{"line":204,"column":8},"end":{"line":206,"column":9}}],"line":204},"14":{"loc":{"start":{"line":215,"column":8},"end":{"line":217,"column":9}},"type":"if","locations":[{"start":{"line":215,"column":8},"end":{"line":217,"column":9}},{"start":{"line":215,"column":8},"end":{"line":217,"column":9}}],"line":215},"15":{"loc":{"start":{"line":215,"column":12},"end":{"line":215,"column":64}},"type":"binary-expr","locations":[{"start":{"line":215,"column":12},"end":{"line":215,"column":24}},{"start":{"line":215,"column":29},"end":{"line":215,"column":63}}],"line":215},"16":{"loc":{"start":{"line":229,"column":8},"end":{"line":231,"column":9}},"type":"if","locations":[{"start":{"line":229,"column":8},"end":{"line":231,"column":9}},{"start":{"line":229,"column":8},"end":{"line":231,"column":9}}],"line":229},"17":{"loc":{"start":{"line":236,"column":8},"end":{"line":238,"column":9}},"type":"if","locations":[{"start":{"line":236,"column":8},"end":{"line":238,"column":9}},{"start":{"line":236,"column":8},"end":{"line":238,"column":9}}],"line":236}},"s":{"0":0,"1":0,"2":0,"3":0,"4":0,"5":0,"6":0,"7":0,"8":0,"9":0,"10":0,"11":0,"12":0,"13":0,"14":0,"15":0,"16":0,"17":0,"18":0,"19":0,"20":0,"21":0,"22":0,"23":0,"24":0,"25":0,"26":0,"27":0,"28":0,"29":0,"30":0,"31":0,"32":0,"33":0,"34":0,"35":0,"36":0,"37":0,"38":0,"39":0,"40":0,"41":0,"42":0,"43":0,"44":0,"45":0,"46":0,"47":0,"48":0,"49":0,"50":0,"51":0,"52":0,"53":0,"54":0,"55":0,"56":0,"57":0,"58":0,"59":1,"60":1},"f":{"0":0,"1":0,"2":0,"3":0,"4":0,"5":0,"6":0,"7":0,"8":0,"9":0,"10":0,"11":0,"12":0,"13":0,"14":0,"15":0,"16":0,"17":0,"18":0,"19":0,"20":0,"21":0,"22":0,"23":0,"24":0},"b":{"0":[0,0],"1":[0,0],"2":[0,0],"3":[0,0],"4":[0,0],"5":[0,0],"6":[0,0,0],"7":[0,0],"8":[0,0],"9":[0,0],"10":[0,0],"11":[0,0],"12":[0,0],"13":[0,0],"14":[0,0],"15":[0,0],"16":[0,0],"17":[0,0]},"_coverageSchema":"332fd63041d2c1bcb487cc26dd0d5f7d97098a6c","hash":"173059e558de4a2163bd3f984ae2cb20f461fa13"}
,"/home/alexcoach/projects/photolocations/app/modules/locations/screens/LocationDetailsModal.js": {"path":"/home/alexcoach/projects/photolocations/app/modules/locations/screens/LocationDetailsModal.js","statementMap":{"0":{"start":{"line":20,"column":8},"end":{"line":20,"column":80}},"1":{"start":{"line":23,"column":29},"end":{"line":23,"column":39}},"2":{"start":{"line":24,"column":8},"end":{"line":26,"column":9}},"3":{"start":{"line":25,"column":12},"end":{"line":25,"column":34}},"4":{"start":{"line":27,"column":8},"end":{"line":27,"column":29}},"5":{"start":{"line":30,"column":8},"end":{"line":37,"column":10}},"6":{"start":{"line":41,"column":33},"end":{"line":43,"column":1}}},"fnMap":{"0":{"name":"(anonymous_0)","decl":{"start":{"line":19,"column":4},"end":{"line":19,"column":5}},"loc":{"start":{"line":19,"column":25},"end":{"line":21,"column":5}},"line":19},"1":{"name":"(anonymous_1)","decl":{"start":{"line":22,"column":22},"end":{"line":22,"column":23}},"loc":{"start":{"line":22,"column":28},"end":{"line":28,"column":5}},"line":22},"2":{"name":"(anonymous_2)","decl":{"start":{"line":29,"column":4},"end":{"line":29,"column":5}},"loc":{"start":{"line":29,"column":13},"end":{"line":38,"column":5}},"line":29},"3":{"name":"(anonymous_3)","decl":{"start":{"line":41,"column":23},"end":{"line":41,"column":24}},"loc":{"start":{"line":41,"column":33},"end":{"line":43,"column":1}},"line":41}},"branchMap":{"0":{"loc":{"start":{"line":24,"column":8},"end":{"line":26,"column":9}},"type":"if","locations":[{"start":{"line":24,"column":8},"end":{"line":26,"column":9}},{"start":{"line":24,"column":8},"end":{"line":26,"column":9}}],"line":24}},"s":{"0":0,"1":0,"2":0,"3":0,"4":0,"5":0,"6":0},"f":{"0":0,"1":0,"2":0,"3":0},"b":{"0":[0,0]},"_coverageSchema":"332fd63041d2c1bcb487cc26dd0d5f7d97098a6c","hash":"c7656d673020af837934bf94fbf9abcf525e4888"}
[...]
olumn":16}},"loc":{"start":{"line":46,"column":41},"end":{"line":242,"column":1}},"line":46},"1":{"name":"(anonymous_1)","decl":{"start":{"line":216,"column":22},"end":{"line":216,"column":23}},"loc":{"start":{"line":216,"column":58},"end":{"line":237,"column":3}},"line":216},"2":{"name":"(anonymous_2)","decl":{"start":{"line":217,"column":22},"end":{"line":217,"column":23}},"loc":{"start":{"line":217,"column":44},"end":{"line":236,"column":5}},"line":217}},"branchMap":{"0":{"loc":{"start":{"line":46,"column":16},"end":{"line":46,"column":36}},"type":"default-arg","locations":[{"start":{"line":46,"column":28},"end":{"line":46,"column":36}}],"line":46},"1":{"loc":{"start":{"line":220,"column":6},"end":{"line":232,"column":7}},"type":"if","locations":[{"start":{"line":220,"column":6},"end":{"line":232,"column":7}},{"start":{"line":220,"column":6},"end":{"line":232,"column":7}}],"line":220},"2":{"loc":{"start":{"line":221,"column":8},"end":{"line":223,"column":36}},"type":"binary-expr","locations":[{"start":{"line":221,"column":8},"end":{"line":221,"column":36}},{"start":{"line":222,"column":8},"end":{"line":222,"column":17}},{"start":{"line":223,"column":8},"end":{"line":223,"column":36}}],"line":221},"3":{"loc":{"start":{"line":225,"column":8},"end":{"line":231,"column":9}},"type":"if","locations":[{"start":{"line":225,"column":8},"end":{"line":231,"column":9}},{"start":{"line":225,"column":8},"end":{"line":231,"column":9}}],"line":225},"4":{"loc":{"start":{"line":226,"column":10},"end":{"line":230,"column":11}},"type":"if","locations":[{"start":{"line":226,"column":10},"end":{"line":230,"column":11}},{"start":{"line":226,"column":10},"end":{"line":230,"column":11}}],"line":226},"5":{"loc":{"start":{"line":233,"column":6},"end":{"line":235,"column":7}},"type":"if","locations":[{"start":{"line":233,"column":6},"end":{"line":235,"column":7}},{"start":{"line":233,"column":6},"end":{"line":235,"column":7}}],"line":233},"6":{"loc":{"start":{"line":233,"column":10},"end":{"line":233,"column":75}},"type":"binary-expr","locations":[{"start":{"line":233,"column":10},"end":{"line":233,"column":15}},{"start":{"line":233,"column":19},"end":{"line":233,"column":44}},{"start":{"line":233,"column":48},"end":{"line":233,"column":75}}],"line":233}},"s":{"0":0,"1":0,"2":0,"3":0,"4":0,"5":0,"6":0,"7":0,"8":0,"9":0,"10":0,"11":0},"f":{"0":0,"1":0,"2":0},"b":{"0":[0],"1":[0,0],"2":[0,0,0],"3":[0,0],"4":[0,0],"5":[0,0],"6":[0,0,0]},"_coverageSchema":"332fd63041d2c1bcb487cc26dd0d5f7d97098a6c","hash":"24eb67bf19b523c40d76d53171188b976149f4b2"}
,"/home/alexcoach/projects/photolocations/app/theme/variables/platform.js": {"path":"/home/alexcoach/projects/photolocations/app/theme/variables/platform.js","statementMap":{"0":{"start":{"line":5,"column":21},"end":{"line":5,"column":52}},"1":{"start":{"line":6,"column":20},"end":{"line":6,"column":50}},"2":{"start":{"line":7,"column":17},"end":{"line":7,"column":28}},"3":{"start":{"line":8,"column":22},"end":{"line":8,"column":31}},"4":{"start":{"line":10,"column":4},"end":{"line":10,"column":69}},"5":{"start":{"line":32,"column":8},"end":{"line":32,"column":33}},"6":{"start":{"line":35,"column":8},"end":{"line":35,"column":37}},"7":{"start":{"line":38,"column":8},"end":{"line":38,"column":30}},"8":{"start":{"line":41,"column":8},"end":{"line":41,"column":37}},"9":{"start":{"line":44,"column":8},"end":{"line":44,"column":33}},"10":{"start":{"line":47,"column":8},"end":{"line":47,"column":37}},"11":{"start":{"line":50,"column":8},"end":{"line":50,"column":32}},"12":{"start":{"line":53,"column":8},"end":{"line":53,"column":37}},"13":{"start":{"line":56,"column":8},"end":{"line":56,"column":33}},"14":{"start":{"line":59,"column":8},"end":{"line":59,"column":37}},"15":{"start":{"line":62,"column":8},"end":{"line":62,"column":84}},"16":{"start":{"line":65,"column":8},"end":{"line":65,"column":39}},"17":{"start":{"line":68,"column":8},"end":{"line":68,"column":39}},"18":{"start":{"line":71,"column":8},"end":{"line":71,"column":39}},"19":{"start":{"line":74,"column":8},"end":{"line":74,"column":39}},"20":{"start":{"line":77,"column":8},"end":{"line":77,"column":39}},"21":{"start":{"line":112,"column":8},"end":{"line":112,"column":39}},"22":{"start":{"line":115,"column":8},"end":{"line":115,"column":39}},"23":{"start":{"line":118,"column":8},"end":{"line":118,"column":39}},"24":{"start":{"line":146,"column":8},"end":{"line":148,"column":19}},"25":{"start":{"line":151,"column":8},"end":{"line":153,"column":19}},"26":{"start":{"line":168,"column":8},"end":{"line":168,"column":30}},"27":{"start":{"line":171,"column":8},"end":{"line":171,"column":25}},"28":{"start":{"line":200,"column":8},"end":{"line":200,"column":33}},"29":{"start":{"line":231,"column":8},"end":{"line":231,"column":30}}},"fnMap":{},"branchMap":{"0":{"loc":{"start":{"line":10,"column":4},"end":{"line":10,"column":69}},"type":"binary-expr","locations":[{"start":{"line":10,"column":4},"end":{"line":10,"column":22}},{"start":{"line":10,"column":26},"end":{"line":10,"column":46}},{"start":{"line":10,"column":50},"end":{"line":10,"column":69}}],"line":10},"1":{"loc":{"start":{"line":25,"column":18},"end":{"line":25,"column":44}},"type":"cond-expr","locations":[{"start":{"line":25,"column":39},"end":{"line":25,"column":40}},{"start":{"line":25,"column":43},"end":{"line":25,"column":44}}],"line":25},"2":{"loc":{"start":{"line":28,"column":19},"end":{"line":28,"column":66}},"type":"cond-expr","locations":[{"start":{"line":28,"column":40},"end":{"line":28,"column":48}},{"start":{"line":28,"column":51},"end":{"line":28,"column":66}}],"line":28},"3":{"loc":{"start":{"line":62,"column":15},"end":{"line":62,"column":83}},"type":"cond-expr","locations":[{"start":{"line":62,"column":36},"end":{"line":62,"column":59}},{"start":{"line":62,"column":62},"end":{"line":62,"column":83}}],"line":62},"4":{"loc":{"start":{"line":85,"column":20},"end":{"line":85,"column":47}},"type":"cond-expr","locations":[{"start":{"line":85,"column":41},"end":{"line":85,"column":43}},{"start":{"line":85,"column":46},"end":{"line":85,"column":47}}],"line":85},"5":{"loc":{"start":{"line":86,"column":25},"end":{"line":86,"column":51}},"type":"cond-expr","locations":[{"start":{"line":86,"column":46},"end":{"line":86,"column":47}},{"start":{"line":86,"column":50},"end":{"line":86,"column":51}}],"line":86},"6":{"loc":{"start":{"line":87,"column":25},"end":{"line":87,"column":51}},"type":"cond-expr","locations":[{"start":{"line":87,"column":46},"end":{"line":87,"column":47}},{"start":{"line":87,"column":50},"end":{"line":87,"column":51}}],"line":87},"7":{"loc":{"start":{"line":88,"column":27},"end":{"line":88,"column":53}},"type":"cond-expr","locations":[{"start":{"line":88,"column":48},"end":{"line":88,"column":49}},{"start":{"line":88,"column":52},"end":{"line":88,"column":53}}],"line":88},"8":{"loc":{"start":{"line":89,"column":22},"end":{"line":89,"column":50}},"type":"cond-expr","locations":[{"start":{"line":89,"column":43},"end":{"line":89,"column":45}},{"start":{"line":89,"column":48},"end":{"line":89,"column":50}}],"line":89},"9":{"loc":{"start":{"line":90,"column":27},"end":{"line":90,"column":61}},"type":"cond-expr","locations":[{"start":{"line":90,"column":48},"end":{"line":90,"column":57}},{"start":{"line":90,"column":60},"end":{"line":90,"column":61}}],"line":90},"10":{"loc":{"start":{"line":91,"column":22},"end":{"line":91,"column":56}},"type":"cond-expr","locations":[{"start":{"line":91,"column":43},"end":{"line":91,"column":51}},{"start":{"line":91,"column":54},"end":{"line":91,"column":56}}],"line":91},"11":{"loc":{"start":{"line":97,"column":18},"end":{"line":97,"column":60}},"type":"cond-expr","locations":[{"start":{"line":97,"column":39},"end":{"line":97,"column":48}},{"start":{"line":97,"column":51},"end":{"line":97,"column":60}}],"line":97},"12":{"loc":{"start":{"line":109,"column":16},"end":{"line":109,"column":56}},"type":"cond-expr","locations":[{"start":{"line":109,"column":37},"end":{"line":109,"column":45}},{"start":{"line":109,"column":48},"end":{"line":109,"column":56}}],"line":109},"13":{"loc":{"start":{"line":122,"column":18},"end":{"line":122,"column":37}},"type":"cond-expr","locations":[{"start":{"line":122,"column":30},"end":{"line":122,"column":32}},{"start":{"line":122,"column":35},"end":{"line":122,"column":37}}],"line":122},"14":{"loc":{"start":{"line":123,"column":21},"end":{"line":123,"column":63}},"type":"cond-expr","locations":[{"start":{"line":123,"column":42},"end":{"line":123,"column":51}},{"start":{"line":123,"column":54},"end":{"line":123,"column":63}}],"line":123},"15":{"loc":{"start":{"line":124,"column":25},"end":{"line":124,"column":43}},"type":"cond-expr","locations":[{"start":{"line":124,"column":37},"end":{"line":124,"column":39}},{"start":{"line":124,"column":42},"end":{"line":124,"column":43}}],"line":124},"16":{"loc":{"start":{"line":127,"column":21},"end":{"line":127,"column":63}},"type":"cond-expr","locations":[{"start":{"line":127,"column":42},"end":{"line":127,"column":51}},{"start":{"line":127,"column":54},"end":{"line":127,"column":63}}],"line":127},"17":{"loc":{"start":{"line":128,"column":20},"end":{"line":128,"column":48}},"type":"cond-expr","locations":[{"start":{"line":128,"column":41},"end":{"line":128,"column":43}},{"start":{"line":128,"column":46},"end":{"line":128,"column":48}}],"line":128},"18":{"loc":{"start":{"line":129,"column":15},"end":{"line":129,"column":54}},"type":"cond-expr","locations":[{"start":{"line":129,"column":36},"end":{"line":129,"column":45}},{"start":{"line":129,"column":48},"end":{"line":129,"column":54}}],"line":129},"19":{"loc":{"start":{"line":131,"column":27},"end":{"line":131,"column":66}},"type":"cond-expr","locations":[{"start":{"line":131,"column":48},"end":{"line":131,"column":57}},{"start":{"line":131,"column":60},"end":{"line":131,"column":66}}],"line":131},"20":{"loc":{"start":{"line":132,"column":22},"end":{"line":132,"column":64}},"type":"cond-expr","locations":[{"start":{"line":132,"column":43},"end":{"line":132,"column":52}},{"start":{"line":132,"column":55},"end":{"line":132,"column":64}}],"line":132},"21":{"loc":{"start":{"line":135,"column":21},"end":{"line":135,"column":60}},"type":"cond-expr","locations":[{"start":{"line":135,"column":42},"end":{"line":135,"column":51}},{"start":{"line":135,"column":54},"end":{"line":135,"column":60}}],"line":135},"22":{"loc":{"start":{"line":136,"column":22},"end":{"line":136,"column":64}},"type":"cond-expr","locations":[{"start":{"line":136,"column":43},"end":{"line":136,"column":52}},{"start":{"line":136,"column":55},"end":{"line":136,"column":64}}],"line":136},"23":{"loc":{"start":{"line":137,"column":19},"end":{"line":137,"column":66}},"type":"cond-expr","locations":[{"start":{"line":137,"column":41},"end":{"line":137,"column":60}},{"start":{"line":137,"column":64},"end":{"line":137,"column":66}}],"line":137},"24":{"loc":{"start":{"line":137,"column":41},"end":{"line":137,"column":60}},"type":"cond-expr","locations":[{"start":{"line":137,"column":53},"end":{"line":137,"column":55}},{"start":{"line":137,"column":58},"end":{"line":137,"column":60}}],"line":137},"25":{"loc":{"start":{"line":138,"column":27},"end":{"line":138,"column":55}},"type":"cond-expr","locations":[{"start":{"line":138,"column":48},"end":{"line":138,"column":50}},{"start":{"line":138,"column":53},"end":{"line":138,"column":55}}],"line":138},"26":{"loc":{"start":{"line":139,"column":23},"end":{"line":139,"column":62}},"type":"cond-expr","locations":[{"start":{"line":139,"column":44},"end":{"line":139,"column":53}},{"start":{"line":139,"column":56},"end":{"line":139,"column":62}}],"line":139},"27":{"loc":{"start":{"line":140,"column":21},"end":{"line":140,"column":49}},"type":"cond-expr","locations":[{"start":{"line":140,"column":42},"end":{"line":140,"column":44}},{"start":{"line":140,"column":47},"end":{"line":140,"column":49}}],"line":140},"28":{"loc":{"start":{"line":141,"column":26},"end":{"line":141,"column":54}},"type":"cond-expr","locations":[{"start":{"line":141,"column":47},"end":{"line":141,"column":49}},{"start":{"line":141,"column":52},"end":{"line":141,"column":54}}],"line":141},"29":{"loc":{"start":{"line":142,"column":25},"end":{"line":142,"column":64}},"type":"cond-expr","locations":[{"start":{"line":142,"column":46},"end":{"line":142,"column":55}},{"start":{"line":142,"column":58},"end":{"line":142,"column":64}}],"line":142},"30":{"loc":{"start":{"line":143,"column":26},"end":{"line":143,"column":68}},"type":"cond-expr","locations":[{"start":{"line":143,"column":47},"end":{"line":143,"column":56}},{"start":{"line":143,"column":59},"end":{"line":143,"column":68}}],"line":143},"31":{"loc":{"start":{"line":144,"column":18},"end":{"line":144,"column":71}},"type":"cond-expr","locations":[{"start":{"line":144,"column":39},"end":{"line":144,"column":53}},{"start":{"line":144,"column":56},"end":{"line":144,"column":71}}],"line":144},"32":{"loc":{"start":{"line":158,"column":18},"end":{"line":158,"column":46}},"type":"cond-expr","locations":[{"start":{"line":158,"column":39},"end":{"line":158,"column":41}},{"start":{"line":158,"column":44},"end":{"line":158,"column":46}}],"line":158},"33":{"loc":{"start":{"line":159,"column":20},"end":{"line":159,"column":48}},"type":"cond-expr","locations":[{"start":{"line":159,"column":41},"end":{"line":159,"column":43}},{"start":{"line":159,"column":46},"end":{"line":159,"column":48}}],"line":159},"34":{"loc":{"start":{"line":179,"column":16},"end":{"line":179,"column":44}},"type":"cond-expr","locations":[{"start":{"line":179,"column":37},"end":{"line":179,"column":39}},{"start":{"line":179,"column":42},"end":{"line":179,"column":44}}],"line":179},"35":{"loc":{"start":{"line":180,"column":22},"end":{"line":180,"column":64}},"type":"cond-expr","locations":[{"start":{"line":180,"column":43},"end":{"line":180,"column":52}},{"start":{"line":180,"column":55},"end":{"line":180,"column":64}}],"line":180},"36":{"loc":{"start":{"line":187,"column":21},"end":{"line":187,"column":49}},"type":"cond-expr","locations":[{"start":{"line":187,"column":42},"end":{"line":187,"column":44}},{"start":{"line":187,"column":47},"end":{"line":187,"column":49}}],"line":187},"37":{"loc":{"start":{"line":196,"column":18},"end":{"line":196,"column":46}},"type":"cond-expr","locations":[{"start":{"line":196,"column":39},"end":{"line":196,"column":41}},{"start":{"line":196,"column":44},"end":{"line":196,"column":46}}],"line":196},"38":{"loc":{"start":{"line":198,"column":24},"end":{"line":198,"column":52}},"type":"cond-expr","locations":[{"start":{"line":198,"column":45},"end":{"line":198,"column":47}},{"start":{"line":198,"column":50},"end":{"line":198,"column":52}}],"line":198},"39":{"loc":{"start":{"line":204,"column":28},"end":{"line":204,"column":70}},"type":"cond-expr","locations":[{"start":{"line":204,"column":49},"end":{"line":204,"column":58}},{"start":{"line":204,"column":61},"end":{"line":204,"column":70}}],"line":204},"40":{"loc":{"start":{"line":205,"column":34},"end":{"line":205,"column":73}},"type":"cond-expr","locations":[{"start":{"line":205,"column":55},"end":{"line":205,"column":64}},{"start":{"line":205,"column":67},"end":{"line":205,"column":73}}],"line":205},"41":{"loc":{"start":{"line":206,"column":22},"end":{"line":206,"column":61}},"type":"cond-expr","locations":[{"start":{"line":206,"column":43},"end":{"line":206,"column":52}},{"start":{"line":206,"column":55},"end":{"line":206,"column":61}}],"line":206},"42":{"loc":{"start":{"line":207,"column":28},"end":{"line":207,"column":67}},"type":"cond-expr","locations":[{"start":{"line":207,"column":49},"end":{"line":207,"column":55}},{"start":{"line":207,"column":58},"end":{"line":207,"column":67}}],"line":207},"43":{"loc":{"start":{"line":208,"column":24},"end":{"line":208,"column":63}},"type":"cond-expr","locations":[{"start":{"line":208,"column":45},"end":{"line":208,"column":54}},{"start":{"line":208,"column":57},"end":{"line":208,"column":63}}],"line":208},"44":{"loc":{"start":{"line":209,"column":28},"end":{"line":209,"column":70}},"type":"cond-expr","locations":[{"start":{"line":209,"column":49},"end":{"line":209,"column":58}},{"start":{"line":209,"column":61},"end":{"line":209,"column":70}}],"line":209},"45":{"loc":{"start":{"line":216,"column":18},"end":{"line":216,"column":60}},"type":"cond-expr","locations":[{"start":{"line":216,"column":39},"end":{"line":216,"column":48}},{"start":{"line":216,"column":51},"end":{"line":216,"column":60}}],"line":216},"46":{"loc":{"start":{"line":217,"column":24},"end":{"line":217,"column":66}},"type":"cond-expr","locations":[{"start":{"line":217,"column":45},"end":{"line":217,"column":54}},{"start":{"line":217,"column":57},"end":{"line":217,"column":66}}],"line":217},"47":{"loc":{"start":{"line":218,"column":30},"end":{"line":218,"column":69}},"type":"cond-expr","locations":[{"start":{"line":218,"column":51},"end":{"line":218,"column":60}},{"start":{"line":218,"column":63},"end":{"line":218,"column":69}}],"line":218},"48":{"loc":{"start":{"line":219,"column":26},"end":{"line":219,"column":65}},"type":"cond-expr","locations":[{"start":{"line":219,"column":47},"end":{"line":219,"column":56}},{"start":{"line":219,"column":59},"end":{"line":219,"column":65}}],"line":219},"49":{"loc":{"start":{"line":220,"column":32},"end":{"line":220,"column":71}},"type":"cond-expr","locations":[{"start":{"line":220,"column":53},"end":{"line":220,"column":62}},{"start":{"line":220,"column":65},"end":{"line":220,"column":71}}],"line":220},"50":{"loc":{"start":{"line":235,"column":21},"end":{"line":235,"column":68}},"type":"cond-expr","locations":[{"start":{"line":235,"column":42},"end":{"line":235,"column":50}},{"start":{"line":235,"column":53},"end":{"line":235,"column":68}}],"line":235},"51":{"loc":{"start":{"line":236,"column":19},"end":{"line":236,"column":47}},"type":"cond-expr","locations":[{"start":{"line":236,"column":40},"end":{"line":236,"column":42}},{"start":{"line":236,"column":45},"end":{"line":236,"column":47}}],"line":236},"52":{"loc":{"start":{"line":237,"column":22},"end":{"line":237,"column":50}},"type":"cond-expr","locations":[{"start":{"line":237,"column":43},"end":{"line":237,"column":45}},{"start":{"line":237,"column":48},"end":{"line":237,"column":50}}],"line":237},"53":{"loc":{"start":{"line":238,"column":19},"end":{"line":238,"column":58}},"type":"cond-expr","locations":[{"start":{"line":238,"column":40},"end":{"line":238,"column":49}},{"start":{"line":238,"column":52},"end":{"line":238,"column":58}}],"line":238},"54":{"loc":{"start":{"line":239,"column":20},"end":{"line":239,"column":56}},"type":"cond-expr","locations":[{"start":{"line":239,"column":41},"end":{"line":239,"column":47}},{"start":{"line":239,"column":50},"end":{"line":239,"column":56}}],"line":239},"55":{"loc":{"start":{"line":242,"column":22},"end":{"line":242,"column":48}},"type":"cond-expr","locations":[{"start":{"line":242,"column":43},"end":{"line":242,"column":44}},{"start":{"line":242,"column":47},"end":{"line":242,"column":48}}],"line":242}},"s":{"0":4,"1":4,"2":4,"3":4,"4":4,"5":0,"6":0,"7":0,"8":0,"9":0,"10":0,"11":0,"12":0,"13":0,"14":0,"15":0,"16":0,"17":0,"18":0,"19":0,"20":0,"21":0,"22":0,"23":0,"24":0,"25":0,"26":0,"27":0,"28":0,"29":0},"f":{},"b":{"0":[4,4,0],"1":[4,0],"2":[4,0],"3":[0,0],"4":[4,0],"5":[4,0],"6":[4,0],"7":[4,0],"8":[4,0],"9":[4,0],"10":[4,0],"11":[4,0],"12":[4,0],"13":[0,4],"14":[4,0],"15":[0,4],"16":[4,0],"17":[4,0],"18":[4,0],"19":[4,0],"20":[4,0],"21":[4,0],"22":[4,0],"23":[4,0],"24":[0,4],"25":[4,0],"26":[4,0],"27":[4,0],"28":[4,0],"29":[4,0],"30":[4,0],"31":[4,0],"32":[4,0],"33":[4,0],"34":[4,0],"35":[4,0],"36":[4,0],"37":[4,0],"38":[4,0],"39":[4,0],"40":[4,0],"41":[4,0],"42":[4,0],"43":[4,0],"44":[4,0],"45":[4,0],"46":[4,0],"47":[4,0],"48":[4,0],"49":[4,0],"50":[4,0],"51":[4,0],"52":[4,0],"53":[4,0],"54":[4,0],"55":[4,0]},"_coverageSchema":"332fd63041d2c1bcb487cc26dd0d5f7d97098a6c","hash":"8f6089c35d1aa65077457e13dc3d48e04368b97c"}
}
