TN:
SF:/home/alexcoach/projects/photolocations/enzymeSetup.js
FNF:0
FNH:0
DA:1,7
DA:2,7
DA:5,7
LF:3
LH:3
BRF:0
BRH:0
end_of_record
TN:
SF:/home/alexcoach/projects/photolocations/app/routes.js
FNF:0
FNH:0
LF:0
LH:0
BRF:0
BRH:0
end_of_record
TN:
SF:/home/alexcoach/projects/photolocations/app/core/actions/Geolocation.js
FN:6,(anonymous_0)
FNF:1
FNH:0
FNDA:0,(anonymous_0)
DA:2,1
DA:3,1
DA:4,1
DA:6,1
LF:4
LH:4
BRF:0
BRH:0
end_of_record
TN:
SF:/home/alexcoach/projects/photolocations/app/core/actions/Modals.js
FN:7,(anonymous_0)
FN:12,(anonymous_1)
FNF:2
FNH:0
FNDA:0,(anonymous_0)
FNDA:0,(anonymous_1)
DA:2,3
DA:3,3
DA:7,3
DA:12,3
LF:4
LH:4
BRF:0
BRH:0
end_of_record
TN:
SF:/home/alexcoach/projects/photolocations/app/core/components/EditableText.js
FN:30,(anonymous_0)
FN:37,(anonymous_1)
FN:47,(anonymous_2)
FN:51,(anonymous_3)
FN:55,(anonymous_4)
FN:61,(anonymous_5)
FN:65,(anonymous_6)
FN:71,(anonymous_7)
FN:78,(anonymous_8)
FN:89,(anonymous_9)
FN:95,(anonymous_10)
FN:102,(anonymous_11)
FN:113,(anonymous_12)
FN:136,(anonymous_13)
FN:148,(anonymous_14)
FN:156,(anonymous_15)
FNF:16
FNH:0
FNDA:0,(anonymous_0)
FNDA:0,(anonymous_1)
FNDA:0,(anonymous_2)
FNDA:0,(anonymous_3)
FNDA:0,(anonymous_4)
FNDA:0,(anonymous_5)
FNDA:0,(anonymous_6)
FNDA:0,(anonymous_7)
FNDA:0,(anonymous_8)
FNDA:0,(anonymous_9)
FNDA:0,(anonymous_10)
FNDA:0,(anonymous_11)
FNDA:0,(anonymous_12)
FNDA:0,(anonymous_13)
FNDA:0,(anonymous_14)
FNDA:0,(anonymous_15)
DA:31,0
DA:32,0
DA:33,0
DA:34,0
DA:36,0
DA:37,0
DA:38,0
DA:39,0
DA:48,0
DA:52,0
DA:55,0
DA:56,0
DA:57,0
DA:62,0
DA:65,0
DA:66,0
DA:67,0
DA:72,0
DA:73,0
DA:74,0
DA:79,0
DA:80,0
DA:81,0
DA:83,0
DA:84,0
DA:85,0
DA:89,0
DA:90,0
DA:91,0
DA:96,0
DA:97,0
DA:98,0
DA:100,0
DA:103,0
DA:104,0
DA:105,0
DA:107,0
DA:114,0
DA:115,0
DA:116,0
DA:117,0
DA:123,0
DA:137,0
DA:138,0
DA:139,0
DA:140,0
DA:144,0
DA:148,0
DA:157,0
DA:168,1
LF:50
LH:1
BRDA:33,0,0,0
BRDA:33,0,1,0
BRDA:33,1,0,0
BRDA:33,1,1,0
BRDA:33,1,2,0
BRDA:36,2,0,0
BRDA:36,2,1,0
BRDA:36,3,0,0
BRDA:36,3,1,0
BRDA:38,4,0,0
BRDA:38,4,1,0
BRDA:56,5,0,0
BRDA:56,5,1,0
BRDA:66,6,0,0
BRDA:66,6,1,0
BRDA:80,7,0,0
BRDA:80,7,1,0
BRDA:84,8,0,0
BRDA:84,8,1,0
BRDA:90,9,0,0
BRDA:90,9,1,0
BRDA:97,10,0,0
BRDA:97,10,1,0
BRDA:104,11,0,0
BRDA:104,11,1,0
BRDA:116,12,0,0
BRDA:116,12,1,0
BRDA:116,13,0,0
BRDA:116,13,1,0
BRDA:139,14,0,0
BRDA:139,14,1,0
BRDA:139,15,0,0
BRDA:139,15,1,0
BRF:33
BRH:0
end_of_record
TN:
SF:/home/alexcoach/projects/photolocations/app/core/components/Map.js
FNF:0
FNH:0
LF:0
LH:0
BRF:0
BRH:0
end_of_record
TN:
SF:/home/alexcoach/projects/photolocations/app/core/components/MapMarker.js
FN:7,(anonymous_0)
FN:13,(anonymous_1)
FN:20,(anonymous_2)
FN:26,(anonymous_3)
FN:35,(anonymous_4)
FNF:5
FNH:3
FNDA:0,(anonymous_0)
FNDA:1,(anonymous_1)
FNDA:0,(anonymous_2)
FNDA:1,(anonymous_3)
FNDA:1,(anonymous_4)
DA:8,0
DA:9,0
DA:10,0
DA:14,1
DA:15,1
DA:16,0
DA:18,1
DA:21,0
DA:22,0
DA:27,1
DA:28,1
DA:29,1
DA:31,0
DA:36,1
LF:14
LH:7
BRDA:9,0,0,0
BRDA:9,0,1,0
BRDA:15,1,0,0
BRDA:15,1,1,1
BRDA:15,2,0,1
BRDA:15,2,1,0
BRDA:21,3,0,0
BRDA:21,3,1,0
BRDA:28,4,0,1
BRDA:28,4,1,0
BRDA:28,5,0,1
BRDA:28,5,1,0
BRF:12
BRH:4
end_of_record
TN:
SF:/home/alexcoach/projects/photolocations/app/core/components/Modals.js
FN:60,(anonymous_0)
FN:63,(anonymous_1)
FN:73,(anonymous_2)
FN:81,(anonymous_3)
FN:90,(anonymous_4)
FN:90,(anonymous_5)
FN:99,(anonymous_6)
FN:99,(anonymous_7)
FN:108,(anonymous_8)
FN:109,(anonymous_9)
FN:129,(anonymous_10)
FN:156,(anonymous_11)
FN:162,(anonymous_12)
FNF:13
FNH:8
FNDA:0,(anonymous_0)
FNDA:0,(anonymous_1)
FNDA:1,(anonymous_2)
FNDA:2,(anonymous_3)
FNDA:2,(anonymous_4)
FNDA:0,(anonymous_5)
FNDA:1,(anonymous_6)
FNDA:0,(anonymous_7)
FNDA:0,(anonymous_8)
FNDA:1,(anonymous_9)
FNDA:1,(anonymous_10)
FNDA:1,(anonymous_11)
FNDA:1,(anonymous_12)
DA:15,1
DA:42,1
DA:61,0
DA:62,0
DA:63,0
DA:64,0
DA:65,0
DA:68,0
DA:74,1
DA:75,1
DA:82,2
DA:83,0
DA:85,2
DA:86,0
DA:88,2
DA:90,2
DA:91,0
DA:92,0
DA:93,0
DA:94,0
DA:99,1
DA:100,0
DA:101,0
DA:102,0
DA:103,0
DA:108,0
DA:110,1
DA:111,0
DA:115,0
DA:121,1
DA:130,1
DA:131,1
DA:132,0
DA:134,1
DA:157,1
DA:158,1
DA:162,1
DA:167,1
LF:38
LH:18
BRDA:61,0,0,0
BRDA:61,0,1,0
BRDA:64,1,0,0
BRDA:64,1,1,0
BRDA:74,2,0,0
BRDA:74,2,1,1
BRDA:82,3,0,0
BRDA:82,3,1,2
BRDA:82,4,0,2
BRDA:82,4,1,0
BRDA:85,5,0,0
BRDA:85,5,1,2
BRDA:92,6,0,0
BRDA:92,6,1,0
BRDA:92,7,0,0
BRDA:92,7,1,0
BRDA:101,8,0,0
BRDA:101,8,1,0
BRDA:110,9,0,0
BRDA:110,9,1,1
BRDA:131,10,0,0
BRDA:131,10,1,1
BRDA:144,11,0,1
BRDA:144,11,1,1
BRF:24
BRH:8
end_of_record
TN:
SF:/home/alexcoach/projects/photolocations/app/core/components/Navigation.js
FN:15,(anonymous_0)
FN:21,(anonymous_1)
FN:22,(anonymous_2)
FNF:3
FNH:1
FNDA:0,(anonymous_0)
FNDA:0,(anonymous_1)
FNDA:1,(anonymous_2)
DA:15,1
DA:16,0
DA:17,0
DA:21,0
DA:23,1
LF:5
LH:2
BRF:0
BRH:0
end_of_record
TN:
SF:/home/alexcoach/projects/photolocations/app/core/components/Screen.js
FN:37,(anonymous_0)
FN:50,(anonymous_1)
FN:59,(anonymous_2)
FN:69,(anonymous_3)
FN:83,(anonymous_4)
FN:91,(anonymous_5)
FN:97,(anonymous_6)
FN:102,(anonymous_7)
FN:113,(anonymous_8)
FN:120,(anonymous_9)
FNF:10
FNH:8
FNDA:2,(anonymous_0)
FNDA:0,(anonymous_1)
FNDA:0,(anonymous_2)
FNDA:2,(anonymous_3)
FNDA:2,(anonymous_4)
FNDA:2,(anonymous_5)
FNDA:2,(anonymous_6)
FNDA:2,(anonymous_7)
FNDA:2,(anonymous_8)
FNDA:2,(anonymous_9)
DA:38,2
DA:39,2
DA:40,0
DA:42,2
DA:43,2
DA:44,0
DA:48,2
DA:49,2
DA:50,0
DA:55,0
DA:56,0
DA:60,0
DA:67,0
DA:70,2
DA:71,2
DA:84,2
DA:85,0
DA:87,2
DA:88,2
DA:92,2
DA:98,2
DA:103,2
DA:104,2
DA:105,1
DA:107,1
DA:114,2
DA:115,2
DA:116,1
DA:118,1
DA:121,2
DA:133,3
LF:31
LH:23
BRDA:39,0,0,0
BRDA:39,0,1,2
BRDA:43,1,0,0
BRDA:43,1,1,2
BRDA:48,2,0,2
BRDA:48,2,1,0
BRDA:55,3,0,0
BRDA:55,3,1,0
BRDA:72,4,0,2
BRDA:72,4,1,1
BRDA:84,5,0,0
BRDA:84,5,1,2
BRDA:87,6,0,2
BRDA:87,6,1,0
BRDA:104,7,0,1
BRDA:104,7,1,1
BRDA:104,8,0,2
BRDA:104,8,1,1
BRDA:115,9,0,1
BRDA:115,9,1,1
BRF:20
BRH:13
end_of_record
TN:
SF:/home/alexcoach/projects/photolocations/app/core/components/SectionTitle.js
FN:16,(anonymous_0)
FN:27,(anonymous_1)
FN:36,(anonymous_2)
FNF:3
FNH:3
FNDA:1,(anonymous_0)
FNDA:1,(anonymous_1)
FNDA:1,(anonymous_2)
DA:17,1
DA:18,1
DA:19,0
DA:21,1
DA:28,1
DA:29,1
DA:30,0
DA:32,1
DA:37,1
DA:38,1
DA:50,2
LF:11
LH:9
BRDA:18,0,0,0
BRDA:18,0,1,1
BRDA:29,1,0,0
BRDA:29,1,1,1
BRF:4
BRH:2
end_of_record
TN:
SF:/home/alexcoach/projects/photolocations/app/core/components/index.js
FNF:0
FNH:0
LF:0
LH:0
BRF:0
BRH:0
end_of_record
TN:
SF:/home/alexcoach/projects/photolocations/app/core/services/ENV.js
FNF:0
FNH:0
LF:0
LH:0
BRF:0
BRH:0
end_of_record
TN:
SF:/home/alexcoach/projects/photolocations/app/core/services/Geolocation.js
FN:2,(anonymous_0)
FN:2,(anonymous_1)
FN:3,(anonymous_2)
FN:5,(anonymous_3)
FNF:4
FNH:1
FNDA:0,(anonymous_0)
FNDA:0,(anonymous_1)
FNDA:0,(anonymous_2)
FNDA:1,(anonymous_3)
DA:2,0
DA:3,0
DA:6,1
DA:7,1
DA:8,1
DA:9,1
DA:10,1
DA:11,1
DA:12,1
DA:14,1
DA:15,1
DA:16,1
DA:17,1
DA:18,1
DA:20,0
DA:21,0
DA:23,0
LF:17
LH:12
BRDA:5,0,0,1
BRDA:17,1,0,1
BRDA:17,1,1,0
BRDA:20,2,0,0
BRDA:20,2,1,0
BRF:5
BRH:2
end_of_record
TN:
SF:/home/alexcoach/projects/photolocations/app/core/services/Http.js
FN:15,(anonymous_0)
FN:20,(anonymous_1)
FN:22,(anonymous_2)
FN:24,(anonymous_3)
FN:26,(anonymous_4)
FN:28,(anonymous_5)
FN:31,(anonymous_6)
FN:55,(anonymous_7)
FNF:8
FNH:0
FNDA:0,(anonymous_0)
FNDA:0,(anonymous_1)
FNDA:0,(anonymous_2)
FNDA:0,(anonymous_3)
FNDA:0,(anonymous_4)
FNDA:0,(anonymous_5)
FNDA:0,(anonymous_6)
FNDA:0,(anonymous_7)
DA:4,3
DA:16,0
DA:17,0
DA:21,0
DA:23,0
DA:25,0
DA:27,0
DA:29,0
DA:39,0
DA:41,0
DA:55,0
LF:11
LH:1
BRDA:15,0,0,0
BRDA:15,1,0,0
BRDA:20,2,0,0
BRDA:22,3,0,0
BRDA:24,4,0,0
BRDA:26,5,0,0
BRDA:28,6,0,0
BRDA:36,7,0,0
BRDA:37,8,0,0
BRDA:52,9,0,0
BRDA:52,9,1,0
BRF:11
BRH:0
end_of_record
TN:
SF:/home/alexcoach/projects/photolocations/app/core/services/Model.js
FN:2,(anonymous_0)
FNF:1
FNH:1
FNDA:1,(anonymous_0)
DA:3,1
LF:1
LH:1
BRF:0
BRH:0
end_of_record
TN:
SF:/home/alexcoach/projects/photolocations/app/core/services/index.js
FNF:0
FNH:0
LF:0
LH:0
BRF:0
BRH:0
end_of_record
TN:
SF:/home/alexcoach/projects/photolocations/app/core/services/Navigation/index.js
FN:9,(anonymous_0)
FN:16,(anonymous_1)
FN:20,(anonymous_2)
FN:21,(anonymous_3)
FNF:4
FNH:0
FNDA:0,(anonymous_0)
FNDA:0,(anonymous_1)
FNDA:0,(anonymous_2)
FNDA:0,(anonymous_3)
DA:8,3
DA:10,0
DA:11,0
DA:12,0
DA:13,0
DA:14,0
DA:15,0
DA:16,0
DA:20,3
DA:21,0
DA:22,0
DA:23,0
DA:25,0
DA:26,0
DA:27,0
LF:15
LH:2
BRDA:20,0,0,0
BRDA:22,1,0,0
BRDA:22,1,1,0
BRDA:26,2,0,0
BRDA:26,2,1,0
BRF:5
BRH:0
end_of_record
TN:
SF:/home/alexcoach/projects/photolocations/app/core/services/Navigation/backHandler/index.js
FNF:0
FNH:0
LF:0
LH:0
BRF:0
BRH:0
end_of_record
TN:
SF:/home/alexcoach/projects/photolocations/app/data/models/Location.js
FN:6,(anonymous_0)
FNF:1
FNH:0
FNDA:0,(anonymous_0)
DA:7,0
DA:8,0
DA:9,0
LF:3
LH:0
BRDA:9,0,0,0
BRDA:9,0,1,0
BRF:2
BRH:0
end_of_record
TN:
SF:/home/alexcoach/projects/photolocations/app/modules/locations/actions/LocationDetails.js
FN:8,(anonymous_0)
FN:15,(anonymous_1)
FNF:2
FNH:0
FNDA:0,(anonymous_0)
FNDA:0,(anonymous_1)
DA:2,1
DA:3,1
DA:4,1
DA:8,1
DA:9,0
DA:15,1
LF:6
LH:5
BRF:0
BRH:0
end_of_record
TN:
SF:/home/alexcoach/projects/photolocations/app/modules/locations/actions/LocationsList.js
FN:8,(anonymous_0)
FNF:1
FNH:0
FNDA:0,(anonymous_0)
DA:1,1
DA:2,1
DA:3,1
DA:4,1
DA:5,1
DA:6,1
DA:8,1
LF:7
LH:7
BRF:0
BRH:0
end_of_record
TN:
SF:/home/alexcoach/projects/photolocations/app/modules/locations/components/List.js
FN:18,(anonymous_0)
FN:18,(anonymous_1)
FN:21,(anonymous_2)
FN:27,(anonymous_3)
FN:33,(anonymous_4)
FN:37,(anonymous_5)
FN:58,(anonymous_6)
FN:72,(anonymous_7)
FNF:8
FNH:0
FNDA:0,(anonymous_0)
FNDA:0,(anonymous_1)
FNDA:0,(anonymous_2)
FNDA:0,(anonymous_3)
FNDA:0,(anonymous_4)
FNDA:0,(anonymous_5)
FNDA:0,(anonymous_6)
FNDA:0,(anonymous_7)
DA:18,0
DA:19,0
DA:24,0
DA:25,0
DA:31,0
DA:32,0
DA:33,0
DA:34,0
DA:35,0
DA:38,0
DA:59,0
DA:60,0
DA:61,0
DA:63,0
DA:72,0
DA:77,1
LF:16
LH:1
BRDA:34,0,0,0
BRDA:34,0,1,0
BRDA:60,1,0,0
BRDA:60,1,1,0
BRF:4
BRH:0
end_of_record
TN:
SF:/home/alexcoach/projects/photolocations/app/modules/locations/components/LocationDetails.js
FN:21,(anonymous_0)
FN:24,(anonymous_1)
FN:24,(anonymous_2)
FN:31,(anonymous_3)
FN:40,(anonymous_4)
FN:52,(anonymous_5)
FN:62,(anonymous_6)
FN:70,(anonymous_7)
FN:80,(anonymous_8)
FN:89,(anonymous_9)
FN:97,(anonymous_10)
FN:104,(anonymous_11)
FN:111,(anonymous_12)
FN:133,(anonymous_13)
FNF:14
FNH:0
FNDA:0,(anonymous_0)
FNDA:0,(anonymous_1)
FNDA:0,(anonymous_2)
FNDA:0,(anonymous_3)
FNDA:0,(anonymous_4)
FNDA:0,(anonymous_5)
FNDA:0,(anonymous_6)
FNDA:0,(anonymous_7)
FNDA:0,(anonymous_8)
FNDA:0,(anonymous_9)
FNDA:0,(anonymous_10)
FNDA:0,(anonymous_11)
FNDA:0,(anonymous_12)
FNDA:0,(anonymous_13)
DA:22,0
DA:24,0
DA:25,0
DA:26,0
DA:32,0
DA:33,0
DA:34,0
DA:35,0
DA:41,0
DA:42,0
DA:53,0
DA:54,0
DA:55,0
DA:61,0
DA:62,0
DA:63,0
DA:71,0
DA:72,0
DA:80,0
DA:89,0
DA:98,0
DA:104,0
DA:112,0
DA:133,0
DA:137,1
LF:25
LH:1
BRDA:54,0,0,0
BRDA:54,0,1,0
BRDA:62,1,0,0
BRDA:62,1,1,0
BRF:4
BRH:0
end_of_record
TN:
SF:/home/alexcoach/projects/photolocations/app/modules/locations/components/Map.js
FN:35,(anonymous_0)
FN:49,(anonymous_1)
FN:55,(anonymous_2)
FN:76,(anonymous_3)
FN:83,(anonymous_4)
FN:83,(anonymous_5)
FN:87,(anonymous_6)
FN:93,(anonymous_7)
FN:99,(anonymous_8)
FN:104,(anonymous_9)
FN:116,(anonymous_10)
FN:121,(anonymous_11)
FN:122,(anonymous_12)
FN:129,(anonymous_13)
FN:134,(anonymous_14)
FN:148,(anonymous_15)
FN:163,(anonymous_16)
FN:177,(anonymous_17)
FN:193,(anonymous_18)
FN:202,(anonymous_19)
FN:213,(anonymous_20)
FN:227,(anonymous_21)
FN:234,(anonymous_22)
FN:248,(anonymous_23)
FN:271,(anonymous_24)
FNF:25
FNH:0
FNDA:0,(anonymous_0)
FNDA:0,(anonymous_1)
FNDA:0,(anonymous_2)
FNDA:0,(anonymous_3)
FNDA:0,(anonymous_4)
FNDA:0,(anonymous_5)
FNDA:0,(anonymous_6)
FNDA:0,(anonymous_7)
FNDA:0,(anonymous_8)
FNDA:0,(anonymous_9)
FNDA:0,(anonymous_10)
FNDA:0,(anonymous_11)
FNDA:0,(anonymous_12)
FNDA:0,(anonymous_13)
FNDA:0,(anonymous_14)
FNDA:0,(anonymous_15)
FNDA:0,(anonymous_16)
FNDA:0,(anonymous_17)
FNDA:0,(anonymous_18)
FNDA:0,(anonymous_19)
FNDA:0,(anonymous_20)
FNDA:0,(anonymous_21)
FNDA:0,(anonymous_22)
FNDA:0,(anonymous_23)
FNDA:0,(anonymous_24)
DA:39,0
DA:40,0
DA:41,0
DA:45,0
DA:46,0
DA:50,0
DA:51,0
DA:52,0
DA:59,0
DA:66,0
DA:67,0
DA:68,0
DA:72,0
DA:73,0
DA:77,0
DA:78,0
DA:83,0
DA:84,0
DA:85,0
DA:90,0
DA:91,0
DA:94,0
DA:95,0
DA:100,0
DA:105,0
DA:112,0
DA:117,0
DA:122,0
DA:123,0
DA:130,0
DA:135,0
DA:136,0
DA:138,0
DA:149,0
DA:150,0
DA:152,0
DA:164,0
DA:165,0
DA:167,0
DA:178,0
DA:194,0
DA:203,0
DA:204,0
DA:205,0
DA:207,0
DA:214,0
DA:215,0
DA:216,0
DA:218,0
DA:228,0
DA:229,0
DA:230,0
DA:232,0
DA:235,0
DA:236,0
DA:237,0
DA:239,0
DA:249,0
DA:271,0
DA:276,1
DA:314,1
LF:61
LH:2
BRDA:40,0,0,0
BRDA:40,0,1,0
BRDA:45,1,0,0
BRDA:45,1,1,0
BRDA:51,2,0,0
BRDA:51,2,1,0
BRDA:67,3,0,0
BRDA:67,3,1,0
BRDA:67,4,0,0
BRDA:67,4,1,0
BRDA:72,5,0,0
BRDA:72,5,1,0
BRDA:72,6,0,0
BRDA:72,6,1,0
BRDA:72,6,2,0
BRDA:77,7,0,0
BRDA:77,7,1,0
BRDA:94,8,0,0
BRDA:94,8,1,0
BRDA:135,9,0,0
BRDA:135,9,1,0
BRDA:149,10,0,0
BRDA:149,10,1,0
BRDA:164,11,0,0
BRDA:164,11,1,0
BRDA:198,12,0,0
BRDA:198,12,1,0
BRDA:204,13,0,0
BRDA:204,13,1,0
BRDA:215,14,0,0
BRDA:215,14,1,0
BRDA:215,15,0,0
BRDA:215,15,1,0
BRDA:229,16,0,0
BRDA:229,16,1,0
BRDA:236,17,0,0
BRDA:236,17,1,0
BRF:37
BRH:0
end_of_record
TN:
SF:/home/alexcoach/projects/photolocations/app/modules/locations/screens/LocationDetailsModal.js
FN:19,(anonymous_0)
FN:22,(anonymous_1)
FN:29,(anonymous_2)
FN:41,(anonymous_3)
FNF:4
FNH:0
FNDA:0,(anonymous_0)
FNDA:0,(anonymous_1)
FNDA:0,(anonymous_2)
FNDA:0,(anonymous_3)
DA:20,0
DA:23,0
DA:24,0
DA:25,0
DA:27,0
DA:30,0
DA:41,0
LF:7
LH:0
BRDA:24,0,0,0
BRDA:24,0,1,0
BRF:2
BRH:0
end_of_record
TN:
SF:/home/alexcoach/projects/photolocations/app/modules/locations/screens/LocationsOverview.js
FN:21,(anonymous_0)
FN:30,(anonymous_1)
FN:52,(anonymous_2)
FNF:3
FNH:0
FNDA:0,(anonymous_0)
FNDA:0,(anonymous_1)
FNDA:0,(anonymous_2)
DA:22,0
DA:23,0
DA:24,0
DA:26,0
DA:27,0
DA:31,0
DA:52,0
LF:7
LH:0
BRDA:23,0,0,0
BRDA:23,0,1,0
BRDA:23,1,0,0
BRDA:23,1,1,0
BRDA:26,2,0,0
BRDA:26,2,1,0
BRDA:26,3,0,0
BRDA:26,3,1,0
BRF:8
BRH:0
end_of_record
TN:
SF:/home/alexcoach/projects/photolocations/app/theme/index.js
FNF:0
FNH:0
DA:4,4
LF:1
LH:1
BRF:0
BRH:0
end_of_record
TN:
SF:/home/alexcoach/projects/photolocations/app/theme/components/Badge.js
FN:3,(anonymous_0)
FNF:1
FNH:0
FNDA:0,(anonymous_0)
DA:4,0
DA:35,0
LF:2
LH:0
BRDA:3,0,0,0
BRDA:31,1,0,0
BRDA:31,1,1,0
BRF:3
BRH:0
end_of_record
TN:
SF:/home/alexcoach/projects/photolocations/app/theme/components/Body.js
FN:3,(anonymous_0)
FNF:1
FNH:0
FNDA:0,(anonymous_0)
DA:4,0
DA:10,0
LF:2
LH:0
BRDA:3,0,0,0
BRF:1
BRH:0
end_of_record
TN:
SF:/home/alexcoach/projects/photolocations/app/theme/components/Button.js
FN:3,(anonymous_0)
FNF:1
FNH:0
FNDA:0,(anonymous_0)
DA:4,0
DA:5,0
DA:6,0
DA:17,0
DA:28,0
DA:39,0
DA:50,0
DA:61,0
DA:72,0
DA:83,0
DA:393,0
LF:11
LH:0
BRDA:3,0,0,0
BRDA:331,1,0,0
BRDA:331,1,1,0
BRDA:337,2,0,0
BRDA:337,2,1,0
BRDA:385,3,0,0
BRDA:385,3,1,0
BRDA:387,4,0,0
BRDA:387,4,1,0
BRDA:388,5,0,0
BRDA:388,5,1,0
BRDA:389,6,0,0
BRDA:389,6,1,0
BRF:13
BRH:0
end_of_record
TN:
SF:/home/alexcoach/projects/photolocations/app/theme/components/Card.js
FN:3,(anonymous_0)
FNF:1
FNH:0
FNDA:0,(anonymous_0)
DA:4,0
DA:33,0
LF:2
LH:0
BRDA:3,0,0,0
BRF:1
BRH:0
end_of_record
TN:
SF:/home/alexcoach/projects/photolocations/app/theme/components/CardItem.js
FN:4,(anonymous_0)
FNF:1
FNH:0
FNDA:0,(anonymous_0)
DA:5,0
DA:6,0
DA:24,0
DA:188,0
LF:4
LH:0
BRDA:4,0,0,0
BRDA:61,1,0,0
BRDA:61,1,1,0
BRDA:134,2,0,0
BRDA:134,2,1,0
BRDA:139,3,0,0
BRDA:139,3,1,0
BRDA:149,4,0,0
BRDA:149,4,1,0
BRDA:154,5,0,0
BRDA:154,5,1,0
BRF:11
BRH:0
end_of_record
TN:
SF:/home/alexcoach/projects/photolocations/app/theme/components/CheckBox.js
FN:3,(anonymous_0)
FNF:1
FNH:0
FNDA:0,(anonymous_0)
DA:4,0
DA:35,0
LF:2
LH:0
BRDA:3,0,0,0
BRF:1
BRH:0
end_of_record
TN:
SF:/home/alexcoach/projects/photolocations/app/theme/components/Container.js
FN:6,(anonymous_0)
FNF:1
FNH:0
FNDA:0,(anonymous_0)
DA:5,4
DA:7,0
DA:12,0
LF:3
LH:1
BRDA:6,0,0,0
BRDA:9,1,0,0
BRDA:9,1,1,0
BRF:3
BRH:0
end_of_record
TN:
SF:/home/alexcoach/projects/photolocations/app/theme/components/Content.js
FN:3,(anonymous_0)
FNF:1
FNH:0
FNDA:0,(anonymous_0)
DA:4,0
DA:13,0
LF:2
LH:0
BRDA:3,0,0,0
BRF:1
BRH:0
end_of_record
TN:
SF:/home/alexcoach/projects/photolocations/app/theme/components/Fab.js
FN:3,(anonymous_0)
FNF:1
FNH:0
FNDA:0,(anonymous_0)
DA:4,0
DA:6,0
DA:26,0
LF:3
LH:0
BRDA:3,0,0,0
BRF:1
BRH:0
end_of_record
TN:
SF:/home/alexcoach/projects/photolocations/app/theme/components/Footer.js
FN:3,(anonymous_0)
FNF:1
FNH:0
FNDA:0,(anonymous_0)
DA:4,0
DA:5,0
DA:7,0
DA:12,0
DA:17,0
DA:22,0
DA:115,0
LF:7
LH:0
BRDA:3,0,0,0
BRDA:102,1,0,0
BRDA:102,1,1,0
BRDA:102,2,0,0
BRDA:102,2,1,0
BRDA:106,3,0,0
BRDA:106,3,1,0
BRDA:106,4,0,0
BRDA:106,4,1,0
BRF:9
BRH:0
end_of_record
TN:
SF:/home/alexcoach/projects/photolocations/app/theme/components/FooterTab.js
FN:5,(anonymous_0)
FNF:1
FNH:0
FNDA:0,(anonymous_0)
DA:6,0
DA:8,0
DA:76,0
LF:3
LH:0
BRDA:5,0,0,0
BRDA:34,1,0,0
BRDA:34,1,1,0
BRDA:40,2,0,0
BRDA:40,2,1,0
BRDA:67,3,0,0
BRDA:67,3,1,0
BRF:7
BRH:0
end_of_record
TN:
SF:/home/alexcoach/projects/photolocations/app/theme/components/Form.js
FN:3,(anonymous_0)
FNF:1
FNH:0
FNDA:0,(anonymous_0)
DA:4,0
DA:6,0
DA:87,0
LF:3
LH:0
BRDA:3,0,0,0
BRF:1
BRH:0
end_of_record
TN:
SF:/home/alexcoach/projects/photolocations/app/theme/components/H1.js
FN:3,(anonymous_0)
FNF:1
FNH:0
FNDA:0,(anonymous_0)
DA:4,0
DA:10,0
LF:2
LH:0
BRDA:3,0,0,0
BRF:1
BRH:0
end_of_record
TN:
SF:/home/alexcoach/projects/photolocations/app/theme/components/H2.js
FN:3,(anonymous_0)
FNF:1
FNH:0
FNDA:0,(anonymous_0)
DA:4,0
DA:10,0
LF:2
LH:0
BRDA:3,0,0,0
BRF:1
BRH:0
end_of_record
TN:
SF:/home/alexcoach/projects/photolocations/app/theme/components/H3.js
FN:3,(anonymous_0)
FNF:1
FNH:0
FNDA:0,(anonymous_0)
DA:4,0
DA:10,0
LF:2
LH:0
BRDA:3,0,0,0
BRF:1
BRH:0
end_of_record
TN:
SF:/home/alexcoach/projects/photolocations/app/theme/components/Header.js
FN:5,(anonymous_0)
FNF:1
FNH:0
FNDA:0,(anonymous_0)
DA:6,0
DA:7,0
DA:9,0
DA:386,0
LF:4
LH:0
BRDA:5,0,0,0
BRDA:84,1,0,0
BRDA:84,1,1,0
BRDA:85,2,0,0
BRDA:85,2,1,0
BRDA:89,3,0,0
BRDA:89,3,1,0
BRDA:92,4,0,0
BRDA:92,4,1,0
BRDA:150,5,0,0
BRDA:150,5,1,0
BRDA:152,6,0,0
BRDA:152,6,1,0
BRDA:153,7,0,0
BRDA:153,7,1,0
BRDA:154,8,0,0
BRDA:154,8,1,0
BRDA:160,9,0,0
BRDA:160,9,1,0
BRDA:160,10,0,0
BRDA:160,10,1,0
BRDA:177,11,0,0
BRDA:177,11,1,0
BRDA:191,12,0,0
BRDA:191,12,1,0
BRDA:191,13,0,0
BRDA:191,13,1,0
BRDA:195,14,0,0
BRDA:195,14,1,0
BRDA:195,15,0,0
BRDA:195,15,1,0
BRDA:206,16,0,0
BRDA:206,16,1,0
BRDA:206,17,0,0
BRDA:206,17,1,0
BRDA:216,18,0,0
BRDA:216,18,1,0
BRDA:217,19,0,0
BRDA:217,19,1,0
BRDA:219,20,0,0
BRDA:219,20,1,0
BRDA:219,21,0,0
BRDA:219,21,1,0
BRDA:221,22,0,0
BRDA:221,22,1,0
BRDA:221,23,0,0
BRDA:221,23,1,0
BRDA:241,24,0,0
BRDA:241,24,1,0
BRDA:241,25,0,0
BRDA:241,25,1,0
BRDA:243,26,0,0
BRDA:243,26,1,0
BRDA:243,27,0,0
BRDA:243,27,1,0
BRDA:250,28,0,0
BRDA:250,28,1,0
BRDA:250,29,0,0
BRDA:250,29,1,0
BRDA:257,30,0,0
BRDA:257,30,1,0
BRDA:289,31,0,0
BRDA:289,31,1,0
BRDA:301,32,0,0
BRDA:301,32,1,0
BRDA:309,33,0,0
BRDA:309,33,1,0
BRDA:309,34,0,0
BRDA:309,34,1,0
BRDA:320,35,0,0
BRDA:320,35,1,0
BRDA:320,36,0,0
BRDA:320,36,1,0
BRDA:330,37,0,0
BRDA:330,37,1,0
BRDA:331,38,0,0
BRDA:331,38,1,0
BRDA:333,39,0,0
BRDA:333,39,1,0
BRDA:333,40,0,0
BRDA:333,40,1,0
BRDA:364,41,0,0
BRDA:364,41,1,0
BRDA:364,42,0,0
BRDA:364,42,1,0
BRDA:367,43,0,0
BRDA:367,43,1,0
BRDA:367,44,0,0
BRDA:367,44,1,0
BRDA:369,45,0,0
BRDA:369,45,1,0
BRDA:372,46,0,0
BRDA:372,46,1,0
BRDA:372,47,0,0
BRDA:372,47,1,0
BRDA:376,48,0,0
BRDA:376,48,1,0
BRDA:378,49,0,0
BRDA:378,49,1,0
BRDA:379,50,0,0
BRDA:379,50,1,0
BRDA:380,51,0,0
BRDA:380,51,1,0
BRF:103
BRH:0
end_of_record
TN:
SF:/home/alexcoach/projects/photolocations/app/theme/components/Icon.js
FN:3,(anonymous_0)
FNF:1
FNH:0
FNDA:0,(anonymous_0)
DA:4,0
DA:9,0
LF:2
LH:0
BRDA:3,0,0,0
BRF:1
BRH:0
end_of_record
TN:
SF:/home/alexcoach/projects/photolocations/app/theme/components/Input.js
FN:3,(anonymous_0)
FNF:1
FNH:0
FNDA:0,(anonymous_0)
DA:4,0
DA:16,0
LF:2
LH:0
BRDA:3,0,0,0
BRF:1
BRH:0
end_of_record
TN:
SF:/home/alexcoach/projects/photolocations/app/theme/components/InputGroup.js
FN:3,(anonymous_0)
FNF:1
FNH:0
FNDA:0,(anonymous_0)
DA:4,0
DA:129,0
LF:2
LH:0
BRDA:3,0,0,0
BRF:1
BRH:0
end_of_record
TN:
SF:/home/alexcoach/projects/photolocations/app/theme/components/Item.js
FN:5,(anonymous_0)
FNF:1
FNH:0
FNDA:0,(anonymous_0)
DA:6,0
DA:221,0
LF:2
LH:0
BRDA:5,0,0,0
BRDA:56,1,0,0
BRDA:56,1,1,0
BRDA:58,2,0,0
BRDA:58,2,1,0
BRDA:101,3,0,0
BRDA:101,3,1,0
BRF:7
BRH:0
end_of_record
TN:
SF:/home/alexcoach/projects/photolocations/app/theme/components/Label.js
FN:3,(anonymous_0)
FNF:1
FNH:0
FNDA:0,(anonymous_0)
DA:4,0
DA:11,0
LF:2
LH:0
BRDA:3,0,0,0
BRF:1
BRH:0
end_of_record
TN:
SF:/home/alexcoach/projects/photolocations/app/theme/components/Left.js
FN:3,(anonymous_0)
FNF:1
FNH:0
FNDA:0,(anonymous_0)
DA:4,0
DA:10,0
LF:2
LH:0
BRDA:3,0,0,0
BRF:1
BRH:0
end_of_record
TN:
SF:/home/alexcoach/projects/photolocations/app/theme/components/ListItem.js
FN:6,(anonymous_0)
FNF:1
FNH:0
FNDA:0,(anonymous_0)
DA:7,0
DA:8,0
DA:17,0
DA:439,0
LF:4
LH:0
BRDA:6,0,0,0
BRDA:39,1,0,0
BRDA:39,1,1,0
BRDA:58,2,0,0
BRDA:58,2,1,0
BRDA:69,3,0,0
BRDA:69,3,1,0
BRDA:71,4,0,0
BRDA:71,4,1,0
BRDA:72,5,0,0
BRDA:72,5,1,0
BRDA:73,6,0,0
BRDA:73,6,1,0
BRDA:92,7,0,0
BRDA:92,7,1,0
BRDA:97,8,0,0
BRDA:97,8,1,0
BRDA:99,9,0,0
BRDA:99,9,1,0
BRDA:104,10,0,0
BRDA:104,10,1,0
BRDA:391,11,0,0
BRDA:391,11,1,0
BRF:23
BRH:0
end_of_record
TN:
SF:/home/alexcoach/projects/photolocations/app/theme/components/Picker.ios.js
FN:3,(anonymous_0)
FNF:1
FNH:0
FNDA:0,(anonymous_0)
DA:4,0
DA:6,0
LF:2
LH:0
BRDA:3,0,0,0
BRF:1
BRH:0
end_of_record
TN:
SF:/home/alexcoach/projects/photolocations/app/theme/components/Radio.js
FN:5,(anonymous_0)
FNF:1
FNH:0
FNDA:0,(anonymous_0)
DA:6,0
DA:25,0
LF:2
LH:0
BRDA:5,0,0,0
BRDA:9,1,0,0
BRDA:9,1,1,0
BRDA:12,2,0,0
BRDA:12,2,1,0
BRDA:13,3,0,0
BRDA:13,3,1,0
BRDA:17,4,0,0
BRDA:17,4,1,0
BRDA:18,5,0,0
BRDA:18,5,1,0
BRDA:21,6,0,0
BRDA:21,6,1,0
BRF:13
BRH:0
end_of_record
TN:
SF:/home/alexcoach/projects/photolocations/app/theme/components/Right.js
FN:3,(anonymous_0)
FNF:1
FNH:0
FNDA:0,(anonymous_0)
DA:4,0
DA:13,0
LF:2
LH:0
BRDA:3,0,0,0
BRF:1
BRH:0
end_of_record
TN:
SF:/home/alexcoach/projects/photolocations/app/theme/components/Segment.js
FN:3,(anonymous_0)
FNF:1
FNH:0
FNDA:0,(anonymous_0)
DA:4,0
DA:6,0
DA:44,0
LF:3
LH:0
BRDA:3,0,0,0
BRDA:29,1,0,0
BRDA:29,1,1,0
BRDA:30,2,0,0
BRDA:30,2,1,0
BRDA:34,3,0,0
BRDA:34,3,1,0
BRDA:35,4,0,0
BRDA:35,4,1,0
BRF:9
BRH:0
end_of_record
TN:
SF:/home/alexcoach/projects/photolocations/app/theme/components/Separator.js
FN:3,(anonymous_0)
FNF:1
FNH:0
FNDA:0,(anonymous_0)
DA:4,0
DA:46,0
LF:2
LH:0
BRDA:3,0,0,0
BRF:1
BRH:0
end_of_record
TN:
SF:/home/alexcoach/projects/photolocations/app/theme/components/Spinner.js
FN:3,(anonymous_0)
FNF:1
FNH:0
FNDA:0,(anonymous_0)
DA:4,0
DA:8,0
LF:2
LH:0
BRDA:3,0,0,0
BRF:1
BRH:0
end_of_record
TN:
SF:/home/alexcoach/projects/photolocations/app/theme/components/Subtitle.js
FN:5,(anonymous_0)
FNF:1
FNH:0
FNDA:0,(anonymous_0)
DA:6,0
DA:15,0
LF:2
LH:0
BRDA:5,0,0,0
BRDA:11,1,0,0
BRDA:11,1,1,0
BRDA:12,2,0,0
BRDA:12,2,1,0
BRF:5
BRH:0
end_of_record
TN:
SF:/home/alexcoach/projects/photolocations/app/theme/components/SwipeRow.js
FN:3,(anonymous_0)
FNF:1
FNH:0
FNDA:0,(anonymous_0)
DA:4,0
DA:45,0
LF:2
LH:0
BRDA:3,0,0,0
BRF:1
BRH:0
end_of_record
TN:
SF:/home/alexcoach/projects/photolocations/app/theme/components/Switch.js
FN:3,(anonymous_0)
FNF:1
FNH:0
FNDA:0,(anonymous_0)
DA:4,0
DA:8,0
LF:2
LH:0
BRDA:3,0,0,0
BRF:1
BRH:0
end_of_record
TN:
SF:/home/alexcoach/projects/photolocations/app/theme/components/Tab.js
FN:3,(anonymous_0)
FNF:1
FNH:0
FNDA:0,(anonymous_0)
DA:4,0
DA:9,0
LF:2
LH:0
BRDA:3,0,0,0
BRF:1
BRH:0
end_of_record
TN:
SF:/home/alexcoach/projects/photolocations/app/theme/components/TabBar.js
FN:3,(anonymous_0)
FNF:1
FNH:0
FNDA:0,(anonymous_0)
DA:4,0
DA:54,0
LF:2
LH:0
BRDA:3,0,0,0
BRF:1
BRH:0
end_of_record
TN:
SF:/home/alexcoach/projects/photolocations/app/theme/components/TabContainer.js
FN:4,(anonymous_0)
FNF:1
FNH:0
FNDA:0,(anonymous_0)
DA:5,0
DA:6,0
DA:8,0
DA:23,0
LF:4
LH:0
BRDA:4,0,0,0
BRDA:12,1,0,0
BRDA:12,1,1,0
BRDA:13,2,0,0
BRDA:13,2,1,0
BRDA:16,3,0,0
BRDA:16,3,1,0
BRDA:17,4,0,0
BRDA:17,4,1,0
BRDA:19,5,0,0
BRDA:19,5,1,0
BRF:11
BRH:0
end_of_record
TN:
SF:/home/alexcoach/projects/photolocations/app/theme/components/TabHeading.js
FN:3,(anonymous_0)
FNF:1
FNH:0
FNDA:0,(anonymous_0)
DA:4,0
DA:6,0
DA:36,0
LF:3
LH:0
BRDA:3,0,0,0
BRDA:14,1,0,0
BRDA:14,1,1,0
BRDA:15,2,0,0
BRDA:15,2,1,0
BRDA:23,3,0,0
BRDA:23,3,1,0
BRF:7
BRH:0
end_of_record
TN:
SF:/home/alexcoach/projects/photolocations/app/theme/components/Text.js
FN:3,(anonymous_0)
FNF:1
FNH:0
FNDA:0,(anonymous_0)
DA:4,0
DA:14,0
LF:2
LH:0
BRDA:3,0,0,0
BRF:1
BRH:0
end_of_record
TN:
SF:/home/alexcoach/projects/photolocations/app/theme/components/Textarea.js
FN:3,(anonymous_0)
FNF:1
FNH:0
FNDA:0,(anonymous_0)
DA:4,0
DA:22,0
LF:2
LH:0
BRDA:3,0,0,0
BRF:1
BRH:0
end_of_record
TN:
SF:/home/alexcoach/projects/photolocations/app/theme/components/Thumbnail.js
FN:3,(anonymous_0)
FNF:1
FNH:0
FNDA:0,(anonymous_0)
DA:4,0
DA:39,0
LF:2
LH:0
BRDA:3,0,0,0
BRF:1
BRH:0
end_of_record
TN:
SF:/home/alexcoach/projects/photolocations/app/theme/components/Title.js
FN:5,(anonymous_0)
FNF:1
FNH:0
FNDA:0,(anonymous_0)
DA:6,0
DA:17,0
LF:2
LH:0
BRDA:5,0,0,0
BRDA:10,1,0,0
BRDA:10,1,1,0
BRDA:12,2,0,0
BRDA:12,2,1,0
BRDA:13,3,0,0
BRDA:13,3,1,0
BRF:7
BRH:0
end_of_record
TN:
SF:/home/alexcoach/projects/photolocations/app/theme/components/Toast.js
FN:3,(anonymous_0)
FNF:1
FNH:0
FNDA:0,(anonymous_0)
DA:4,0
DA:6,0
DA:37,0
LF:3
LH:0
BRDA:3,0,0,0
BRDA:17,1,0,0
BRDA:17,1,1,0
BRF:3
BRH:0
end_of_record
TN:
SF:/home/alexcoach/projects/photolocations/app/theme/components/View.js
FN:3,(anonymous_0)
FNF:1
FNH:0
FNDA:0,(anonymous_0)
DA:4,0
DA:10,0
LF:2
LH:0
BRDA:3,0,0,0
BRF:1
BRH:0
end_of_record
TN:
SF:/home/alexcoach/projects/photolocations/app/theme/components/index.js
FN:46,(anonymous_0)
FN:216,(anonymous_1)
FN:217,(anonymous_2)
FNF:3
FNH:0
FNDA:0,(anonymous_0)
FNDA:0,(anonymous_1)
FNDA:0,(anonymous_2)
DA:47,0
DA:216,0
DA:217,0
DA:220,0
DA:225,0
DA:226,0
DA:227,0
DA:229,0
DA:233,0
DA:234,0
DA:239,0
DA:241,0
LF:12
LH:0
BRDA:46,0,0,0
BRDA:220,1,0,0
BRDA:220,1,1,0
BRDA:221,2,0,0
BRDA:221,2,1,0
BRDA:221,2,2,0
BRDA:225,3,0,0
BRDA:225,3,1,0
BRDA:226,4,0,0
BRDA:226,4,1,0
BRDA:233,5,0,0
BRDA:233,5,1,0
BRDA:233,6,0,0
BRDA:233,6,1,0
BRDA:233,6,2,0
BRF:15
BRH:0
end_of_record
TN:
SF:/home/alexcoach/projects/photolocations/app/theme/variables/platform.js
FNF:0
FNH:0
DA:5,4
DA:6,4
DA:7,4
DA:8,4
DA:10,4
DA:32,0
DA:35,0
DA:38,0
DA:41,0
DA:44,0
DA:47,0
DA:50,0
DA:53,0
DA:56,0
DA:59,0
DA:62,0
DA:65,0
DA:68,0
DA:71,0
DA:74,0
DA:77,0
DA:112,0
DA:115,0
DA:118,0
DA:146,0
DA:151,0
DA:168,0
DA:171,0
DA:200,0
DA:231,0
LF:30
LH:5
BRDA:10,0,0,4
BRDA:10,0,1,4
BRDA:10,0,2,0
BRDA:25,1,0,4
BRDA:25,1,1,0
BRDA:28,2,0,4
BRDA:28,2,1,0
BRDA:62,3,0,0
BRDA:62,3,1,0
BRDA:85,4,0,4
BRDA:85,4,1,0
BRDA:86,5,0,4
BRDA:86,5,1,0
BRDA:87,6,0,4
BRDA:87,6,1,0
BRDA:88,7,0,4
BRDA:88,7,1,0
BRDA:89,8,0,4
BRDA:89,8,1,0
BRDA:90,9,0,4
BRDA:90,9,1,0
BRDA:91,10,0,4
BRDA:91,10,1,0
BRDA:97,11,0,4
BRDA:97,11,1,0
BRDA:109,12,0,4
BRDA:109,12,1,0
BRDA:122,13,0,0
BRDA:122,13,1,4
BRDA:123,14,0,4
BRDA:123,14,1,0
BRDA:124,15,0,0
BRDA:124,15,1,4
BRDA:127,16,0,4
BRDA:127,16,1,0
BRDA:128,17,0,4
BRDA:128,17,1,0
BRDA:129,18,0,4
BRDA:129,18,1,0
BRDA:131,19,0,4
BRDA:131,19,1,0
BRDA:132,20,0,4
BRDA:132,20,1,0
BRDA:135,21,0,4
BRDA:135,21,1,0
BRDA:136,22,0,4
BRDA:136,22,1,0
BRDA:137,23,0,4
BRDA:137,23,1,0
BRDA:137,24,0,0
BRDA:137,24,1,4
BRDA:138,25,0,4
BRDA:138,25,1,0
BRDA:139,26,0,4
BRDA:139,26,1,0
BRDA:140,27,0,4
BRDA:140,27,1,0
BRDA:141,28,0,4
BRDA:141,28,1,0
BRDA:142,29,0,4
BRDA:142,29,1,0
BRDA:143,30,0,4
BRDA:143,30,1,0
BRDA:144,31,0,4
BRDA:144,31,1,0
BRDA:158,32,0,4
BRDA:158,32,1,0
BRDA:159,33,0,4
BRDA:159,33,1,0
BRDA:179,34,0,4
BRDA:179,34,1,0
BRDA:180,35,0,4
BRDA:180,35,1,0
BRDA:187,36,0,4
BRDA:187,36,1,0
BRDA:196,37,0,4
BRDA:196,37,1,0
BRDA:198,38,0,4
BRDA:198,38,1,0
BRDA:204,39,0,4
BRDA:204,39,1,0
BRDA:205,40,0,4
BRDA:205,40,1,0
BRDA:206,41,0,4
BRDA:206,41,1,0
BRDA:207,42,0,4
BRDA:207,42,1,0
BRDA:208,43,0,4
BRDA:208,43,1,0
BRDA:209,44,0,4
BRDA:209,44,1,0
BRDA:216,45,0,4
BRDA:216,45,1,0
BRDA:217,46,0,4
BRDA:217,46,1,0
BRDA:218,47,0,4
BRDA:218,47,1,0
BRDA:219,48,0,4
BRDA:219,48,1,0
BRDA:220,49,0,4
BRDA:220,49,1,0
BRDA:235,50,0,4
BRDA:235,50,1,0
BRDA:236,51,0,4
BRDA:236,51,1,0
BRDA:237,52,0,4
BRDA:237,52,1,0
BRDA:238,53,0,4
BRDA:238,53,1,0
BRDA:239,54,0,4
BRDA:239,54,1,0
BRDA:242,55,0,4
BRDA:242,55,1,0
BRF:113
BRH:56
end_of_record
